<?xml version="1.0" encoding="UTF-8"?><testsuite name="nosetests" tests="1" errors="0" failures="1" skip="0"><testcase classname="test_caiyun" name="test_case1" time="11.234"><failure type="builtins.AssertionError" message="'阴，明天早晨5点钟后转多云，其后晴' != '未来24小时多云'&#10;- 阴，明天早晨5点钟后转多云，其后晴&#10;+ 未来24小时多云&#10;&#10;-------------------- &gt;&gt; begin captured stdout &lt;&lt; ---------------------&#10;================test_case1============&#10;https://api.caiyunapp.com/v2.5/96Ly7wgKGq6FhllM/116.5119,39.5445/weather.json&#10;================test_case2============&#10;================test_case3============&#10;================test_case4============&#10;================test_case5============&#10;&#10;--------------------- &gt;&gt; end captured stdout &lt;&lt; ----------------------&#10;-------------------- &gt;&gt; begin captured logging &lt;&lt; --------------------&#10;WDM: INFO: Current google-chrome version is 87.0.4280&#10;WDM: INFO: Get LATEST driver version for 87.0.4280&#10;urllib3.connectionpool: DEBUG: Starting new HTTP connection (1): chromedriver.storage.googleapis.com:80&#10;urllib3.connectionpool: DEBUG: http://chromedriver.storage.googleapis.com:80 &quot;GET /LATEST_RELEASE_87.0.4280 HTTP/1.1&quot; 200 12&#10;WDM: INFO: Driver [/Users/yangjingjing/.wdm/drivers/chromedriver/mac64/87.0.4280.88/chromedriver] found in cache&#10;selenium.webdriver.remote.remote_connection: DEBUG: POST http://127.0.0.1:49955/session {&quot;capabilities&quot;: {&quot;firstMatch&quot;: [{}], &quot;alwaysMatch&quot;: {&quot;browserName&quot;: &quot;chrome&quot;, &quot;platformName&quot;: &quot;any&quot;, &quot;goog:chromeOptions&quot;: {&quot;extensions&quot;: [], &quot;args&quot;: []}}}, &quot;desiredCapabilities&quot;: {&quot;browserName&quot;: &quot;chrome&quot;, &quot;version&quot;: &quot;&quot;, &quot;platform&quot;: &quot;ANY&quot;, &quot;goog:chromeOptions&quot;: {&quot;extensions&quot;: [], &quot;args&quot;: []}}}&#10;urllib3.connectionpool: DEBUG: Starting new HTTP connection (1): 127.0.0.1:49955&#10;urllib3.connectionpool: DEBUG: http://127.0.0.1:49955 &quot;POST /session HTTP/1.1&quot; 200 727&#10;selenium.webdriver.remote.remote_connection: DEBUG: Finished Request&#10;selenium.webdriver.remote.remote_connection: DEBUG: POST http://127.0.0.1:49955/session/d1ee40d42cd075a2df52a0554c0c2f58/url {&quot;url&quot;: &quot;http://www.caiyunapp.com/map&quot;}&#10;urllib3.connectionpool: DEBUG: http://127.0.0.1:49955 &quot;POST /session/d1ee40d42cd075a2df52a0554c0c2f58/url HTTP/1.1&quot; 200 14&#10;selenium.webdriver.remote.remote_connection: DEBUG: Finished Request&#10;selenium.webdriver.remote.remote_connection: DEBUG: POST http://127.0.0.1:49955/session/d1ee40d42cd075a2df52a0554c0c2f58/actions {&quot;actions&quot;: [{&quot;type&quot;: &quot;pointer&quot;, &quot;parameters&quot;: {&quot;pointerType&quot;: &quot;mouse&quot;}, &quot;id&quot;: &quot;mouse&quot;, &quot;actions&quot;: [{&quot;type&quot;: &quot;pointerMove&quot;, &quot;duration&quot;: 250, &quot;x&quot;: 645, &quot;y&quot;: 537, &quot;origin&quot;: &quot;pointer&quot;}, {&quot;type&quot;: &quot;pointerDown&quot;, &quot;duration&quot;: 0, &quot;button&quot;: 0}, {&quot;type&quot;: &quot;pointerUp&quot;, &quot;duration&quot;: 0, &quot;button&quot;: 0}]}, {&quot;type&quot;: &quot;key&quot;, &quot;id&quot;: &quot;key&quot;, &quot;actions&quot;: [{&quot;type&quot;: &quot;pause&quot;, &quot;duration&quot;: 0}, {&quot;type&quot;: &quot;pause&quot;, &quot;duration&quot;: 0}, {&quot;type&quot;: &quot;pause&quot;, &quot;duration&quot;: 0}]}]}&#10;urllib3.connectionpool: DEBUG: http://127.0.0.1:49955 &quot;POST /session/d1ee40d42cd075a2df52a0554c0c2f58/actions HTTP/1.1&quot; 200 14&#10;selenium.webdriver.remote.remote_connection: DEBUG: Finished Request&#10;selenium.webdriver.remote.remote_connection: DEBUG: GET http://127.0.0.1:49955/session/d1ee40d42cd075a2df52a0554c0c2f58/url {}&#10;urllib3.connectionpool: DEBUG: http://127.0.0.1:49955 &quot;GET /session/d1ee40d42cd075a2df52a0554c0c2f58/url HTTP/1.1&quot; 200 58&#10;selenium.webdriver.remote.remote_connection: DEBUG: Finished Request&#10;selenium.webdriver.remote.remote_connection: DEBUG: POST http://127.0.0.1:49955/session/d1ee40d42cd075a2df52a0554c0c2f58/elements {&quot;using&quot;: &quot;xpath&quot;, &quot;value&quot;: &quot;//div[@class='desc']&quot;}&#10;urllib3.connectionpool: DEBUG: http://127.0.0.1:49955 &quot;POST /session/d1ee40d42cd075a2df52a0554c0c2f58/elements HTTP/1.1&quot; 200 169&#10;selenium.webdriver.remote.remote_connection: DEBUG: Finished Request&#10;selenium.webdriver.remote.remote_connection: DEBUG: GET http://127.0.0.1:49955/session/d1ee40d42cd075a2df52a0554c0c2f58/element/a2e50770-27e2-4639-9ac0-61458fe25fcb/text {&quot;id&quot;: &quot;a2e50770-27e2-4639-9ac0-61458fe25fcb&quot;}&#10;urllib3.connectionpool: DEBUG: http://127.0.0.1:49955 &quot;GET /session/d1ee40d42cd075a2df52a0554c0c2f58/element/a2e50770-27e2-4639-9ac0-61458fe25fcb/text HTTP/1.1&quot; 200 87&#10;selenium.webdriver.remote.remote_connection: DEBUG: Finished Request&#10;urllib3.connectionpool: DEBUG: Starting new HTTPS connection (1): api.caiyunapp.com:443&#10;urllib3.connectionpool: DEBUG: https://api.caiyunapp.com:443 &quot;GET /v2.5/96Ly7wgKGq6FhllM/116.5119,39.5445/weather.json HTTP/1.1&quot; 200 4531&#10;selenium.webdriver.remote.remote_connection: DEBUG: POST http://127.0.0.1:49955/session/d1ee40d42cd075a2df52a0554c0c2f58/elements {&quot;using&quot;: &quot;xpath&quot;, &quot;value&quot;: &quot;//div[@class='temp']/span&quot;}&#10;urllib3.connectionpool: DEBUG: http://127.0.0.1:49955 &quot;POST /session/d1ee40d42cd075a2df52a0554c0c2f58/elements HTTP/1.1&quot; 200 90&#10;selenium.webdriver.remote.remote_connection: DEBUG: Finished Request&#10;selenium.webdriver.remote.remote_connection: DEBUG: GET http://127.0.0.1:49955/session/d1ee40d42cd075a2df52a0554c0c2f58/element/7a7d4810-7f72-478b-b3c4-7dbbc3c63ecc/text {&quot;id&quot;: &quot;7a7d4810-7f72-478b-b3c4-7dbbc3c63ecc&quot;}&#10;urllib3.connectionpool: DEBUG: http://127.0.0.1:49955 &quot;GET /session/d1ee40d42cd075a2df52a0554c0c2f58/element/7a7d4810-7f72-478b-b3c4-7dbbc3c63ecc/text HTTP/1.1&quot; 200 16&#10;selenium.webdriver.remote.remote_connection: DEBUG: Finished Request&#10;selenium.webdriver.remote.remote_connection: DEBUG: POST http://127.0.0.1:49955/session/d1ee40d42cd075a2df52a0554c0c2f58/elements {&quot;using&quot;: &quot;css selector&quot;, &quot;value&quot;: &quot;[id=\&quot;a-air\&quot;]&quot;}&#10;urllib3.connectionpool: DEBUG: http://127.0.0.1:49955 &quot;POST /session/d1ee40d42cd075a2df52a0554c0c2f58/elements HTTP/1.1&quot; 200 90&#10;selenium.webdriver.remote.remote_connection: DEBUG: Finished Request&#10;selenium.webdriver.remote.remote_connection: DEBUG: POST http://127.0.0.1:49955/session/d1ee40d42cd075a2df52a0554c0c2f58/element/58079b47-a048-4c27-8327-8d15cb821dee/click {&quot;id&quot;: &quot;58079b47-a048-4c27-8327-8d15cb821dee&quot;}&#10;urllib3.connectionpool: DEBUG: http://127.0.0.1:49955 &quot;POST /session/d1ee40d42cd075a2df52a0554c0c2f58/element/58079b47-a048-4c27-8327-8d15cb821dee/click HTTP/1.1&quot; 200 14&#10;selenium.webdriver.remote.remote_connection: DEBUG: Finished Request&#10;urllib3.connectionpool: DEBUG: Starting new HTTPS connection (1): caiyunapp.com:443&#10;urllib3.connectionpool: DEBUG: https://caiyunapp.com:443 &quot;GET /fcgi-bin/v1/img.py?token=96Ly7wgKGq6FhllM&amp;lonlat=116.5119,39.5445&amp;type=pm25 HTTP/1.1&quot; 200 None&#10;selenium.webdriver.remote.remote_connection: DEBUG: POST http://127.0.0.1:49955/session/d1ee40d42cd075a2df52a0554c0c2f58/elements {&quot;using&quot;: &quot;css selector&quot;, &quot;value&quot;: &quot;[id=\&quot;switch\&quot;]&quot;}&#10;urllib3.connectionpool: DEBUG: http://127.0.0.1:49955 &quot;POST /session/d1ee40d42cd075a2df52a0554c0c2f58/elements HTTP/1.1&quot; 200 90&#10;selenium.webdriver.remote.remote_connection: DEBUG: Finished Request&#10;selenium.webdriver.remote.remote_connection: DEBUG: POST http://127.0.0.1:49955/session/d1ee40d42cd075a2df52a0554c0c2f58/element/029c6ddd-9c7f-466c-b9f5-f69d9a049ea1/click {&quot;id&quot;: &quot;029c6ddd-9c7f-466c-b9f5-f69d9a049ea1&quot;}&#10;urllib3.connectionpool: DEBUG: http://127.0.0.1:49955 &quot;POST /session/d1ee40d42cd075a2df52a0554c0c2f58/element/029c6ddd-9c7f-466c-b9f5-f69d9a049ea1/click HTTP/1.1&quot; 200 14&#10;selenium.webdriver.remote.remote_connection: DEBUG: Finished Request&#10;selenium.webdriver.remote.remote_connection: DEBUG: POST http://127.0.0.1:49955/session/d1ee40d42cd075a2df52a0554c0c2f58/elements {&quot;using&quot;: &quot;xpath&quot;, &quot;value&quot;: &quot;//div[@class='amap-layers']/div/img&quot;}&#10;urllib3.connectionpool: DEBUG: http://127.0.0.1:49955 &quot;POST /session/d1ee40d42cd075a2df52a0554c0c2f58/elements HTTP/1.1&quot; 200 3803&#10;selenium.webdriver.remote.remote_connection: DEBUG: Finished Request&#10;selenium.webdriver.remote.remote_connection: DEBUG: POST http://127.0.0.1:49955/session/d1ee40d42cd075a2df52a0554c0c2f58/execute/sync {&quot;script&quot;: &quot;return (function(){return function(){var d=this;function f(a){return\&quot;string\&quot;==typeof a};function h(a,b){this.code=a;this.a=l[a]||m;this.message=b||\&quot;\&quot;;a=this.a.replace(/((?:^|\\s+)[a-z])/g,function(a){return a.toUpperCase().replace(/^[\\s\\xa0]+/g,\&quot;\&quot;)});b=a.length-5;if(0&gt;b||a.indexOf(\&quot;Error\&quot;,b)!=b)a+=\&quot;Error\&quot;;this.name=a;a=Error(this.message);a.name=this.name;this.stack=a.stack||\&quot;\&quot;}\n(function(){var a=Error;function b(){}b.prototype=a.prototype;h.b=a.prototype;h.prototype=new b;h.prototype.constructor=h;h.a=function(b,c,g){for(var e=Array(arguments.length-2),k=2;k&lt;arguments.length;k++)e[k-2]=arguments[k];return a.prototype[c].apply(b,e)}})();var m=\&quot;unknown error\&quot;,l={15:\&quot;element not selectable\&quot;,11:\&quot;element not visible\&quot;};l[31]=m;l[30]=m;l[24]=\&quot;invalid cookie domain\&quot;;l[29]=\&quot;invalid element coordinates\&quot;;l[12]=\&quot;invalid element state\&quot;;l[32]=\&quot;invalid selector\&quot;;l[51]=\&quot;invalid selector\&quot;;\nl[52]=\&quot;invalid selector\&quot;;l[17]=\&quot;javascript error\&quot;;l[405]=\&quot;unsupported operation\&quot;;l[34]=\&quot;move target out of bounds\&quot;;l[27]=\&quot;no such alert\&quot;;l[7]=\&quot;no such element\&quot;;l[8]=\&quot;no such frame\&quot;;l[23]=\&quot;no such window\&quot;;l[28]=\&quot;script timeout\&quot;;l[33]=\&quot;session not created\&quot;;l[10]=\&quot;stale element reference\&quot;;l[21]=\&quot;timeout\&quot;;l[25]=\&quot;unable to set cookie\&quot;;l[26]=\&quot;unexpected alert open\&quot;;l[13]=m;l[9]=\&quot;unknown command\&quot;;h.prototype.toString=function(){return this.name+\&quot;: \&quot;+this.message};var n;a:{var p=d.navigator;if(p){var q=p.userAgent;if(q){n=q;break a}}n=\&quot;\&quot;}function r(a){return-1!=n.indexOf(a)};function t(a,b){for(var e=a.length,c=f(a)?a.split(\&quot;\&quot;):a,g=0;g&lt;e;g++)g in c&amp;&amp;b.call(void 0,c[g],g,a)};function v(){return r(\&quot;iPhone\&quot;)&amp;&amp;!r(\&quot;iPod\&quot;)&amp;&amp;!r(\&quot;iPad\&quot;)};function w(){return(r(\&quot;Chrome\&quot;)||r(\&quot;CriOS\&quot;))&amp;&amp;!r(\&quot;Edge\&quot;)};var x=r(\&quot;Opera\&quot;),y=r(\&quot;Trident\&quot;)||r(\&quot;MSIE\&quot;),z=r(\&quot;Edge\&quot;),A=r(\&quot;Gecko\&quot;)&amp;&amp;!(-1!=n.toLowerCase().indexOf(\&quot;webkit\&quot;)&amp;&amp;!r(\&quot;Edge\&quot;))&amp;&amp;!(r(\&quot;Trident\&quot;)||r(\&quot;MSIE\&quot;))&amp;&amp;!r(\&quot;Edge\&quot;),aa=-1!=n.toLowerCase().indexOf(\&quot;webkit\&quot;)&amp;&amp;!r(\&quot;Edge\&quot;);function B(){var a=d.document;return a?a.documentMode:void 0}var C;\na:{var D=\&quot;\&quot;,E=function(){var a=n;if(A)return/rv\\:([^\\);]+)(\\)|;)/.exec(a);if(z)return/Edge\\/([\\d\\.]+)/.exec(a);if(y)return/\\b(?:MSIE|rv)[: ]([^\\);]+)(\\)|;)/.exec(a);if(aa)return/WebKit\\/(\\S+)/.exec(a);if(x)return/(?:Version)[ \\/]?(\\S+)/.exec(a)}();E&amp;&amp;(D=E?E[1]:\&quot;\&quot;);if(y){var F=B();if(null!=F&amp;&amp;F&gt;parseFloat(D)){C=String(F);break a}}C=D}var G;var H=d.document;G=H&amp;&amp;y?B()||(\&quot;CSS1Compat\&quot;==H.compatMode?parseInt(C,10):5):void 0;var ba=r(\&quot;Firefox\&quot;),ca=v()||r(\&quot;iPod\&quot;),da=r(\&quot;iPad\&quot;),I=r(\&quot;Android\&quot;)&amp;&amp;!(w()||r(\&quot;Firefox\&quot;)||r(\&quot;Opera\&quot;)||r(\&quot;Silk\&quot;)),ea=w(),J=r(\&quot;Safari\&quot;)&amp;&amp;!(w()||r(\&quot;Coast\&quot;)||r(\&quot;Opera\&quot;)||r(\&quot;Edge\&quot;)||r(\&quot;Silk\&quot;)||r(\&quot;Android\&quot;))&amp;&amp;!(v()||r(\&quot;iPad\&quot;)||r(\&quot;iPod\&quot;));function K(a){return(a=a.exec(n))?a[1]:\&quot;\&quot;}(function(){if(ba)return K(/Firefox\\/([0-9.]+)/);if(y||z||x)return C;if(ea)return v()||r(\&quot;iPad\&quot;)||r(\&quot;iPod\&quot;)?K(/CriOS\\/([0-9.]+)/):K(/Chrome\\/([0-9.]+)/);if(J&amp;&amp;!(v()||r(\&quot;iPad\&quot;)||r(\&quot;iPod\&quot;)))return K(/Version\\/([0-9.]+)/);if(ca||da){var a=/Version\\/(\\S+).*Mobile\\/(\\S+)/.exec(n);if(a)return a[1]+\&quot;.\&quot;+a[2]}else if(I)return(a=K(/Android\\s+([0-9.]+)/))?a:K(/Version\\/([0-9.]+)/);return\&quot;\&quot;})();var L,M=function(){if(!A)return!1;var a=d.Components;if(!a)return!1;try{if(!a.classes)return!1}catch(g){return!1}var b=a.classes,a=a.interfaces,e=b[\&quot;@mozilla.org/xpcom/version-comparator;1\&quot;].getService(a.nsIVersionComparator),c=b[\&quot;@mozilla.org/xre/app-info;1\&quot;].getService(a.nsIXULAppInfo).version;L=function(a){e.compare(c,\&quot;\&quot;+a)};return!0}(),N=y&amp;&amp;!(8&lt;=Number(G)),fa=y&amp;&amp;!(9&lt;=Number(G));I&amp;&amp;M&amp;&amp;L(2.3);I&amp;&amp;M&amp;&amp;L(4);J&amp;&amp;M&amp;&amp;L(6);var ga={SCRIPT:1,STYLE:1,HEAD:1,IFRAME:1,OBJECT:1},O={IMG:\&quot; \&quot;,BR:\&quot;\\n\&quot;};function P(a,b,e){if(!(a.nodeName in ga))if(3==a.nodeType)e?b.push(String(a.nodeValue).replace(/(\\r\\n|\\r|\\n)/g,\&quot;\&quot;)):b.push(a.nodeValue);else if(a.nodeName in O)b.push(O[a.nodeName]);else for(a=a.firstChild;a;)P(a,b,e),a=a.nextSibling};function Q(a,b){b=b.toLowerCase();return\&quot;style\&quot;==b?ha(a.style.cssText):N&amp;&amp;\&quot;value\&quot;==b&amp;&amp;R(a,\&quot;INPUT\&quot;)?a.value:fa&amp;&amp;!0===a[b]?String(a.getAttribute(b)):(a=a.getAttributeNode(b))&amp;&amp;a.specified?a.value:null}var ia=/[;]+(?=(?:(?:[^\&quot;]*\&quot;){2})*[^\&quot;]*$)(?=(?:(?:[^']*'){2})*[^']*$)(?=(?:[^()]*\\([^()]*\\))*[^()]*$)/;\nfunction ha(a){var b=[];t(a.split(ia),function(a){var c=a.indexOf(\&quot;:\&quot;);0&lt;c&amp;&amp;(a=[a.slice(0,c),a.slice(c+1)],2==a.length&amp;&amp;b.push(a[0].toLowerCase(),\&quot;:\&quot;,a[1],\&quot;;\&quot;))});b=b.join(\&quot;\&quot;);return b=\&quot;;\&quot;==b.charAt(b.length-1)?b:b+\&quot;;\&quot;}function S(a,b){N&amp;&amp;\&quot;value\&quot;==b&amp;&amp;R(a,\&quot;OPTION\&quot;)&amp;&amp;null===Q(a,\&quot;value\&quot;)?(b=[],P(a,b,!1),a=b.join(\&quot;\&quot;)):a=a[b];return a}function R(a,b){b&amp;&amp;\&quot;string\&quot;!==typeof b&amp;&amp;(b=b.toString());return!!a&amp;&amp;1==a.nodeType&amp;&amp;(!b||a.tagName.toUpperCase()==b)}\nfunction T(a){return R(a,\&quot;OPTION\&quot;)?!0:R(a,\&quot;INPUT\&quot;)?(a=a.type.toLowerCase(),\&quot;checkbox\&quot;==a||\&quot;radio\&quot;==a):!1};var ja={\&quot;class\&quot;:\&quot;className\&quot;,readonly:\&quot;readOnly\&quot;},U=\&quot;allowfullscreen allowpaymentrequest allowusermedia async autofocus autoplay checked compact complete controls declare default defaultchecked defaultselected defer disabled ended formnovalidate hidden indeterminate iscontenteditable ismap itemscope loop multiple muted nohref nomodule noresize noshade novalidate nowrap open paused playsinline pubdate readonly required reversed scoped seamless seeking selected truespeed typemustmatch willvalidate\&quot;.split(\&quot; \&quot;);function V(a,b){var e=null,c=b.toLowerCase();if(\&quot;style\&quot;==c)return(e=a.style)&amp;&amp;!f(e)&amp;&amp;(e=e.cssText),e;if((\&quot;selected\&quot;==c||\&quot;checked\&quot;==c)&amp;&amp;T(a)){if(!T(a))throw new h(15,\&quot;Element is not selectable\&quot;);b=\&quot;selected\&quot;;e=a.type&amp;&amp;a.type.toLowerCase();if(\&quot;checkbox\&quot;==e||\&quot;radio\&quot;==e)b=\&quot;checked\&quot;;return S(a,b)?\&quot;true\&quot;:null}var g=R(a,\&quot;A\&quot;);if(R(a,\&quot;IMG\&quot;)&amp;&amp;\&quot;src\&quot;==c||g&amp;&amp;\&quot;href\&quot;==c)return(e=Q(a,c))&amp;&amp;(e=S(a,c)),e;if(\&quot;spellcheck\&quot;==c){e=Q(a,c);if(null!==e){if(\&quot;false\&quot;==e.toLowerCase())return\&quot;false\&quot;;if(\&quot;true\&quot;==e.toLowerCase())return\&quot;true\&quot;}return S(a,\nc)+\&quot;\&quot;}g=ja[b]||b;a:if(f(U))c=f(c)&amp;&amp;1==c.length?U.indexOf(c,0):-1;else{for(var u=0;u&lt;U.length;u++)if(u in U&amp;&amp;U[u]===c){c=u;break a}c=-1}if(0&lt;=c)return(e=null!==Q(a,b)||S(a,g))?\&quot;true\&quot;:null;try{var k=S(a,g)}catch(ka){}(c=null==k)||(c=typeof k,c=\&quot;object\&quot;==c&amp;&amp;null!=k||\&quot;function\&quot;==c);c?e=Q(a,b):e=k;return null!=e?e.toString():null}var W=[\&quot;_\&quot;],X=d;W[0]in X||!X.execScript||X.execScript(\&quot;var \&quot;+W[0]);\nfor(var Y;W.length&amp;&amp;(Y=W.shift());){var Z;if(Z=!W.length)Z=void 0!==V;Z?X[Y]=V:X[Y]&amp;&amp;X[Y]!==Object.prototype[Y]?X=X[Y]:X=X[Y]={}};; return this._.apply(null,arguments);}.apply({navigator:typeof window!='undefined'?window.navigator:null,document:typeof window!='undefined'?window.document:null}, arguments);}\n).apply(null, arguments);&quot;, &quot;args&quot;: [{&quot;ELEMENT&quot;: &quot;00eed476-1f90-4761-82cc-3e6a61bccef4&quot;, &quot;element-6066-11e4-a52e-4f735466cecf&quot;: &quot;00eed476-1f90-4761-82cc-3e6a61bccef4&quot;}, &quot;src&quot;]}&#10;urllib3.connectionpool: DEBUG: http://127.0.0.1:49955 &quot;POST /session/d1ee40d42cd075a2df52a0554c0c2f58/execute/sync HTTP/1.1&quot; 200 161&#10;selenium.webdriver.remote.remote_connection: DEBUG: Finished Request&#10;selenium.webdriver.remote.remote_connection: DEBUG: POST http://127.0.0.1:49955/session/d1ee40d42cd075a2df52a0554c0c2f58/execute/sync {&quot;script&quot;: &quot;return (function(){return function(){var d=this;function f(a){return\&quot;string\&quot;==typeof a};function h(a,b){this.code=a;this.a=l[a]||m;this.message=b||\&quot;\&quot;;a=this.a.replace(/((?:^|\\s+)[a-z])/g,function(a){return a.toUpperCase().replace(/^[\\s\\xa0]+/g,\&quot;\&quot;)});b=a.length-5;if(0&gt;b||a.indexOf(\&quot;Error\&quot;,b)!=b)a+=\&quot;Error\&quot;;this.name=a;a=Error(this.message);a.name=this.name;this.stack=a.stack||\&quot;\&quot;}\n(function(){var a=Error;function b(){}b.prototype=a.prototype;h.b=a.prototype;h.prototype=new b;h.prototype.constructor=h;h.a=function(b,c,g){for(var e=Array(arguments.length-2),k=2;k&lt;arguments.length;k++)e[k-2]=arguments[k];return a.prototype[c].apply(b,e)}})();var m=\&quot;unknown error\&quot;,l={15:\&quot;element not selectable\&quot;,11:\&quot;element not visible\&quot;};l[31]=m;l[30]=m;l[24]=\&quot;invalid cookie domain\&quot;;l[29]=\&quot;invalid element coordinates\&quot;;l[12]=\&quot;invalid element state\&quot;;l[32]=\&quot;invalid selector\&quot;;l[51]=\&quot;invalid selector\&quot;;\nl[52]=\&quot;invalid selector\&quot;;l[17]=\&quot;javascript error\&quot;;l[405]=\&quot;unsupported operation\&quot;;l[34]=\&quot;move target out of bounds\&quot;;l[27]=\&quot;no such alert\&quot;;l[7]=\&quot;no such element\&quot;;l[8]=\&quot;no such frame\&quot;;l[23]=\&quot;no such window\&quot;;l[28]=\&quot;script timeout\&quot;;l[33]=\&quot;session not created\&quot;;l[10]=\&quot;stale element reference\&quot;;l[21]=\&quot;timeout\&quot;;l[25]=\&quot;unable to set cookie\&quot;;l[26]=\&quot;unexpected alert open\&quot;;l[13]=m;l[9]=\&quot;unknown command\&quot;;h.prototype.toString=function(){return this.name+\&quot;: \&quot;+this.message};var n;a:{var p=d.navigator;if(p){var q=p.userAgent;if(q){n=q;break a}}n=\&quot;\&quot;}function r(a){return-1!=n.indexOf(a)};function t(a,b){for(var e=a.length,c=f(a)?a.split(\&quot;\&quot;):a,g=0;g&lt;e;g++)g in c&amp;&amp;b.call(void 0,c[g],g,a)};function v(){return r(\&quot;iPhone\&quot;)&amp;&amp;!r(\&quot;iPod\&quot;)&amp;&amp;!r(\&quot;iPad\&quot;)};function w(){return(r(\&quot;Chrome\&quot;)||r(\&quot;CriOS\&quot;))&amp;&amp;!r(\&quot;Edge\&quot;)};var x=r(\&quot;Opera\&quot;),y=r(\&quot;Trident\&quot;)||r(\&quot;MSIE\&quot;),z=r(\&quot;Edge\&quot;),A=r(\&quot;Gecko\&quot;)&amp;&amp;!(-1!=n.toLowerCase().indexOf(\&quot;webkit\&quot;)&amp;&amp;!r(\&quot;Edge\&quot;))&amp;&amp;!(r(\&quot;Trident\&quot;)||r(\&quot;MSIE\&quot;))&amp;&amp;!r(\&quot;Edge\&quot;),aa=-1!=n.toLowerCase().indexOf(\&quot;webkit\&quot;)&amp;&amp;!r(\&quot;Edge\&quot;);function B(){var a=d.document;return a?a.documentMode:void 0}var C;\na:{var D=\&quot;\&quot;,E=function(){var a=n;if(A)return/rv\\:([^\\);]+)(\\)|;)/.exec(a);if(z)return/Edge\\/([\\d\\.]+)/.exec(a);if(y)return/\\b(?:MSIE|rv)[: ]([^\\);]+)(\\)|;)/.exec(a);if(aa)return/WebKit\\/(\\S+)/.exec(a);if(x)return/(?:Version)[ \\/]?(\\S+)/.exec(a)}();E&amp;&amp;(D=E?E[1]:\&quot;\&quot;);if(y){var F=B();if(null!=F&amp;&amp;F&gt;parseFloat(D)){C=String(F);break a}}C=D}var G;var H=d.document;G=H&amp;&amp;y?B()||(\&quot;CSS1Compat\&quot;==H.compatMode?parseInt(C,10):5):void 0;var ba=r(\&quot;Firefox\&quot;),ca=v()||r(\&quot;iPod\&quot;),da=r(\&quot;iPad\&quot;),I=r(\&quot;Android\&quot;)&amp;&amp;!(w()||r(\&quot;Firefox\&quot;)||r(\&quot;Opera\&quot;)||r(\&quot;Silk\&quot;)),ea=w(),J=r(\&quot;Safari\&quot;)&amp;&amp;!(w()||r(\&quot;Coast\&quot;)||r(\&quot;Opera\&quot;)||r(\&quot;Edge\&quot;)||r(\&quot;Silk\&quot;)||r(\&quot;Android\&quot;))&amp;&amp;!(v()||r(\&quot;iPad\&quot;)||r(\&quot;iPod\&quot;));function K(a){return(a=a.exec(n))?a[1]:\&quot;\&quot;}(function(){if(ba)return K(/Firefox\\/([0-9.]+)/);if(y||z||x)return C;if(ea)return v()||r(\&quot;iPad\&quot;)||r(\&quot;iPod\&quot;)?K(/CriOS\\/([0-9.]+)/):K(/Chrome\\/([0-9.]+)/);if(J&amp;&amp;!(v()||r(\&quot;iPad\&quot;)||r(\&quot;iPod\&quot;)))return K(/Version\\/([0-9.]+)/);if(ca||da){var a=/Version\\/(\\S+).*Mobile\\/(\\S+)/.exec(n);if(a)return a[1]+\&quot;.\&quot;+a[2]}else if(I)return(a=K(/Android\\s+([0-9.]+)/))?a:K(/Version\\/([0-9.]+)/);return\&quot;\&quot;})();var L,M=function(){if(!A)return!1;var a=d.Components;if(!a)return!1;try{if(!a.classes)return!1}catch(g){return!1}var b=a.classes,a=a.interfaces,e=b[\&quot;@mozilla.org/xpcom/version-comparator;1\&quot;].getService(a.nsIVersionComparator),c=b[\&quot;@mozilla.org/xre/app-info;1\&quot;].getService(a.nsIXULAppInfo).version;L=function(a){e.compare(c,\&quot;\&quot;+a)};return!0}(),N=y&amp;&amp;!(8&lt;=Number(G)),fa=y&amp;&amp;!(9&lt;=Number(G));I&amp;&amp;M&amp;&amp;L(2.3);I&amp;&amp;M&amp;&amp;L(4);J&amp;&amp;M&amp;&amp;L(6);var ga={SCRIPT:1,STYLE:1,HEAD:1,IFRAME:1,OBJECT:1},O={IMG:\&quot; \&quot;,BR:\&quot;\\n\&quot;};function P(a,b,e){if(!(a.nodeName in ga))if(3==a.nodeType)e?b.push(String(a.nodeValue).replace(/(\\r\\n|\\r|\\n)/g,\&quot;\&quot;)):b.push(a.nodeValue);else if(a.nodeName in O)b.push(O[a.nodeName]);else for(a=a.firstChild;a;)P(a,b,e),a=a.nextSibling};function Q(a,b){b=b.toLowerCase();return\&quot;style\&quot;==b?ha(a.style.cssText):N&amp;&amp;\&quot;value\&quot;==b&amp;&amp;R(a,\&quot;INPUT\&quot;)?a.value:fa&amp;&amp;!0===a[b]?String(a.getAttribute(b)):(a=a.getAttributeNode(b))&amp;&amp;a.specified?a.value:null}var ia=/[;]+(?=(?:(?:[^\&quot;]*\&quot;){2})*[^\&quot;]*$)(?=(?:(?:[^']*'){2})*[^']*$)(?=(?:[^()]*\\([^()]*\\))*[^()]*$)/;\nfunction ha(a){var b=[];t(a.split(ia),function(a){var c=a.indexOf(\&quot;:\&quot;);0&lt;c&amp;&amp;(a=[a.slice(0,c),a.slice(c+1)],2==a.length&amp;&amp;b.push(a[0].toLowerCase(),\&quot;:\&quot;,a[1],\&quot;;\&quot;))});b=b.join(\&quot;\&quot;);return b=\&quot;;\&quot;==b.charAt(b.length-1)?b:b+\&quot;;\&quot;}function S(a,b){N&amp;&amp;\&quot;value\&quot;==b&amp;&amp;R(a,\&quot;OPTION\&quot;)&amp;&amp;null===Q(a,\&quot;value\&quot;)?(b=[],P(a,b,!1),a=b.join(\&quot;\&quot;)):a=a[b];return a}function R(a,b){b&amp;&amp;\&quot;string\&quot;!==typeof b&amp;&amp;(b=b.toString());return!!a&amp;&amp;1==a.nodeType&amp;&amp;(!b||a.tagName.toUpperCase()==b)}\nfunction T(a){return R(a,\&quot;OPTION\&quot;)?!0:R(a,\&quot;INPUT\&quot;)?(a=a.type.toLowerCase(),\&quot;checkbox\&quot;==a||\&quot;radio\&quot;==a):!1};var ja={\&quot;class\&quot;:\&quot;className\&quot;,readonly:\&quot;readOnly\&quot;},U=\&quot;allowfullscreen allowpaymentrequest allowusermedia async autofocus autoplay checked compact complete controls declare default defaultchecked defaultselected defer disabled ended formnovalidate hidden indeterminate iscontenteditable ismap itemscope loop multiple muted nohref nomodule noresize noshade novalidate nowrap open paused playsinline pubdate readonly required reversed scoped seamless seeking selected truespeed typemustmatch willvalidate\&quot;.split(\&quot; \&quot;);function V(a,b){var e=null,c=b.toLowerCase();if(\&quot;style\&quot;==c)return(e=a.style)&amp;&amp;!f(e)&amp;&amp;(e=e.cssText),e;if((\&quot;selected\&quot;==c||\&quot;checked\&quot;==c)&amp;&amp;T(a)){if(!T(a))throw new h(15,\&quot;Element is not selectable\&quot;);b=\&quot;selected\&quot;;e=a.type&amp;&amp;a.type.toLowerCase();if(\&quot;checkbox\&quot;==e||\&quot;radio\&quot;==e)b=\&quot;checked\&quot;;return S(a,b)?\&quot;true\&quot;:null}var g=R(a,\&quot;A\&quot;);if(R(a,\&quot;IMG\&quot;)&amp;&amp;\&quot;src\&quot;==c||g&amp;&amp;\&quot;href\&quot;==c)return(e=Q(a,c))&amp;&amp;(e=S(a,c)),e;if(\&quot;spellcheck\&quot;==c){e=Q(a,c);if(null!==e){if(\&quot;false\&quot;==e.toLowerCase())return\&quot;false\&quot;;if(\&quot;true\&quot;==e.toLowerCase())return\&quot;true\&quot;}return S(a,\nc)+\&quot;\&quot;}g=ja[b]||b;a:if(f(U))c=f(c)&amp;&amp;1==c.length?U.indexOf(c,0):-1;else{for(var u=0;u&lt;U.length;u++)if(u in U&amp;&amp;U[u]===c){c=u;break a}c=-1}if(0&lt;=c)return(e=null!==Q(a,b)||S(a,g))?\&quot;true\&quot;:null;try{var k=S(a,g)}catch(ka){}(c=null==k)||(c=typeof k,c=\&quot;object\&quot;==c&amp;&amp;null!=k||\&quot;function\&quot;==c);c?e=Q(a,b):e=k;return null!=e?e.toString():null}var W=[\&quot;_\&quot;],X=d;W[0]in X||!X.execScript||X.execScript(\&quot;var \&quot;+W[0]);\nfor(var Y;W.length&amp;&amp;(Y=W.shift());){var Z;if(Z=!W.length)Z=void 0!==V;Z?X[Y]=V:X[Y]&amp;&amp;X[Y]!==Object.prototype[Y]?X=X[Y]:X=X[Y]={}};; return this._.apply(null,arguments);}.apply({navigator:typeof window!='undefined'?window.navigator:null,document:typeof window!='undefined'?window.document:null}, arguments);}\n).apply(null, arguments);&quot;, &quot;args&quot;: [{&quot;ELEMENT&quot;: &quot;90f8d7a6-1c72-44bf-8a3e-d47ea7beb3d3&quot;, &quot;element-6066-11e4-a52e-4f735466cecf&quot;: &quot;90f8d7a6-1c72-44bf-8a3e-d47ea7beb3d3&quot;}, &quot;src&quot;]}&#10;urllib3.connectionpool: DEBUG: http://127.0.0.1:49955 &quot;POST /session/d1ee40d42cd075a2df52a0554c0c2f58/execute/sync HTTP/1.1&quot; 200 161&#10;selenium.webdriver.remote.remote_connection: DEBUG: Finished Request&#10;selenium.webdriver.remote.remote_connection: DEBUG: POST http://127.0.0.1:49955/session/d1ee40d42cd075a2df52a0554c0c2f58/execute/sync {&quot;script&quot;: &quot;return (function(){return function(){var d=this;function f(a){return\&quot;string\&quot;==typeof a};function h(a,b){this.code=a;this.a=l[a]||m;this.message=b||\&quot;\&quot;;a=this.a.replace(/((?:^|\\s+)[a-z])/g,function(a){return a.toUpperCase().replace(/^[\\s\\xa0]+/g,\&quot;\&quot;)});b=a.length-5;if(0&gt;b||a.indexOf(\&quot;Error\&quot;,b)!=b)a+=\&quot;Error\&quot;;this.name=a;a=Error(this.message);a.name=this.name;this.stack=a.stack||\&quot;\&quot;}\n(function(){var a=Error;function b(){}b.prototype=a.prototype;h.b=a.prototype;h.prototype=new b;h.prototype.constructor=h;h.a=function(b,c,g){for(var e=Array(arguments.length-2),k=2;k&lt;arguments.length;k++)e[k-2]=arguments[k];return a.prototype[c].apply(b,e)}})();var m=\&quot;unknown error\&quot;,l={15:\&quot;element not selectable\&quot;,11:\&quot;element not visible\&quot;};l[31]=m;l[30]=m;l[24]=\&quot;invalid cookie domain\&quot;;l[29]=\&quot;invalid element coordinates\&quot;;l[12]=\&quot;invalid element state\&quot;;l[32]=\&quot;invalid selector\&quot;;l[51]=\&quot;invalid selector\&quot;;\nl[52]=\&quot;invalid selector\&quot;;l[17]=\&quot;javascript error\&quot;;l[405]=\&quot;unsupported operation\&quot;;l[34]=\&quot;move target out of bounds\&quot;;l[27]=\&quot;no such alert\&quot;;l[7]=\&quot;no such element\&quot;;l[8]=\&quot;no such frame\&quot;;l[23]=\&quot;no such window\&quot;;l[28]=\&quot;script timeout\&quot;;l[33]=\&quot;session not created\&quot;;l[10]=\&quot;stale element reference\&quot;;l[21]=\&quot;timeout\&quot;;l[25]=\&quot;unable to set cookie\&quot;;l[26]=\&quot;unexpected alert open\&quot;;l[13]=m;l[9]=\&quot;unknown command\&quot;;h.prototype.toString=function(){return this.name+\&quot;: \&quot;+this.message};var n;a:{var p=d.navigator;if(p){var q=p.userAgent;if(q){n=q;break a}}n=\&quot;\&quot;}function r(a){return-1!=n.indexOf(a)};function t(a,b){for(var e=a.length,c=f(a)?a.split(\&quot;\&quot;):a,g=0;g&lt;e;g++)g in c&amp;&amp;b.call(void 0,c[g],g,a)};function v(){return r(\&quot;iPhone\&quot;)&amp;&amp;!r(\&quot;iPod\&quot;)&amp;&amp;!r(\&quot;iPad\&quot;)};function w(){return(r(\&quot;Chrome\&quot;)||r(\&quot;CriOS\&quot;))&amp;&amp;!r(\&quot;Edge\&quot;)};var x=r(\&quot;Opera\&quot;),y=r(\&quot;Trident\&quot;)||r(\&quot;MSIE\&quot;),z=r(\&quot;Edge\&quot;),A=r(\&quot;Gecko\&quot;)&amp;&amp;!(-1!=n.toLowerCase().indexOf(\&quot;webkit\&quot;)&amp;&amp;!r(\&quot;Edge\&quot;))&amp;&amp;!(r(\&quot;Trident\&quot;)||r(\&quot;MSIE\&quot;))&amp;&amp;!r(\&quot;Edge\&quot;),aa=-1!=n.toLowerCase().indexOf(\&quot;webkit\&quot;)&amp;&amp;!r(\&quot;Edge\&quot;);function B(){var a=d.document;return a?a.documentMode:void 0}var C;\na:{var D=\&quot;\&quot;,E=function(){var a=n;if(A)return/rv\\:([^\\);]+)(\\)|;)/.exec(a);if(z)return/Edge\\/([\\d\\.]+)/.exec(a);if(y)return/\\b(?:MSIE|rv)[: ]([^\\);]+)(\\)|;)/.exec(a);if(aa)return/WebKit\\/(\\S+)/.exec(a);if(x)return/(?:Version)[ \\/]?(\\S+)/.exec(a)}();E&amp;&amp;(D=E?E[1]:\&quot;\&quot;);if(y){var F=B();if(null!=F&amp;&amp;F&gt;parseFloat(D)){C=String(F);break a}}C=D}var G;var H=d.document;G=H&amp;&amp;y?B()||(\&quot;CSS1Compat\&quot;==H.compatMode?parseInt(C,10):5):void 0;var ba=r(\&quot;Firefox\&quot;),ca=v()||r(\&quot;iPod\&quot;),da=r(\&quot;iPad\&quot;),I=r(\&quot;Android\&quot;)&amp;&amp;!(w()||r(\&quot;Firefox\&quot;)||r(\&quot;Opera\&quot;)||r(\&quot;Silk\&quot;)),ea=w(),J=r(\&quot;Safari\&quot;)&amp;&amp;!(w()||r(\&quot;Coast\&quot;)||r(\&quot;Opera\&quot;)||r(\&quot;Edge\&quot;)||r(\&quot;Silk\&quot;)||r(\&quot;Android\&quot;))&amp;&amp;!(v()||r(\&quot;iPad\&quot;)||r(\&quot;iPod\&quot;));function K(a){return(a=a.exec(n))?a[1]:\&quot;\&quot;}(function(){if(ba)return K(/Firefox\\/([0-9.]+)/);if(y||z||x)return C;if(ea)return v()||r(\&quot;iPad\&quot;)||r(\&quot;iPod\&quot;)?K(/CriOS\\/([0-9.]+)/):K(/Chrome\\/([0-9.]+)/);if(J&amp;&amp;!(v()||r(\&quot;iPad\&quot;)||r(\&quot;iPod\&quot;)))return K(/Version\\/([0-9.]+)/);if(ca||da){var a=/Version\\/(\\S+).*Mobile\\/(\\S+)/.exec(n);if(a)return a[1]+\&quot;.\&quot;+a[2]}else if(I)return(a=K(/Android\\s+([0-9.]+)/))?a:K(/Version\\/([0-9.]+)/);return\&quot;\&quot;})();var L,M=function(){if(!A)return!1;var a=d.Components;if(!a)return!1;try{if(!a.classes)return!1}catch(g){return!1}var b=a.classes,a=a.interfaces,e=b[\&quot;@mozilla.org/xpcom/version-comparator;1\&quot;].getService(a.nsIVersionComparator),c=b[\&quot;@mozilla.org/xre/app-info;1\&quot;].getService(a.nsIXULAppInfo).version;L=function(a){e.compare(c,\&quot;\&quot;+a)};return!0}(),N=y&amp;&amp;!(8&lt;=Number(G)),fa=y&amp;&amp;!(9&lt;=Number(G));I&amp;&amp;M&amp;&amp;L(2.3);I&amp;&amp;M&amp;&amp;L(4);J&amp;&amp;M&amp;&amp;L(6);var ga={SCRIPT:1,STYLE:1,HEAD:1,IFRAME:1,OBJECT:1},O={IMG:\&quot; \&quot;,BR:\&quot;\\n\&quot;};function P(a,b,e){if(!(a.nodeName in ga))if(3==a.nodeType)e?b.push(String(a.nodeValue).replace(/(\\r\\n|\\r|\\n)/g,\&quot;\&quot;)):b.push(a.nodeValue);else if(a.nodeName in O)b.push(O[a.nodeName]);else for(a=a.firstChild;a;)P(a,b,e),a=a.nextSibling};function Q(a,b){b=b.toLowerCase();return\&quot;style\&quot;==b?ha(a.style.cssText):N&amp;&amp;\&quot;value\&quot;==b&amp;&amp;R(a,\&quot;INPUT\&quot;)?a.value:fa&amp;&amp;!0===a[b]?String(a.getAttribute(b)):(a=a.getAttributeNode(b))&amp;&amp;a.specified?a.value:null}var ia=/[;]+(?=(?:(?:[^\&quot;]*\&quot;){2})*[^\&quot;]*$)(?=(?:(?:[^']*'){2})*[^']*$)(?=(?:[^()]*\\([^()]*\\))*[^()]*$)/;\nfunction ha(a){var b=[];t(a.split(ia),function(a){var c=a.indexOf(\&quot;:\&quot;);0&lt;c&amp;&amp;(a=[a.slice(0,c),a.slice(c+1)],2==a.length&amp;&amp;b.push(a[0].toLowerCase(),\&quot;:\&quot;,a[1],\&quot;;\&quot;))});b=b.join(\&quot;\&quot;);return b=\&quot;;\&quot;==b.charAt(b.length-1)?b:b+\&quot;;\&quot;}function S(a,b){N&amp;&amp;\&quot;value\&quot;==b&amp;&amp;R(a,\&quot;OPTION\&quot;)&amp;&amp;null===Q(a,\&quot;value\&quot;)?(b=[],P(a,b,!1),a=b.join(\&quot;\&quot;)):a=a[b];return a}function R(a,b){b&amp;&amp;\&quot;string\&quot;!==typeof b&amp;&amp;(b=b.toString());return!!a&amp;&amp;1==a.nodeType&amp;&amp;(!b||a.tagName.toUpperCase()==b)}\nfunction T(a){return R(a,\&quot;OPTION\&quot;)?!0:R(a,\&quot;INPUT\&quot;)?(a=a.type.toLowerCase(),\&quot;checkbox\&quot;==a||\&quot;radio\&quot;==a):!1};var ja={\&quot;class\&quot;:\&quot;className\&quot;,readonly:\&quot;readOnly\&quot;},U=\&quot;allowfullscreen allowpaymentrequest allowusermedia async autofocus autoplay checked compact complete controls declare default defaultchecked defaultselected defer disabled ended formnovalidate hidden indeterminate iscontenteditable ismap itemscope loop multiple muted nohref nomodule noresize noshade novalidate nowrap open paused playsinline pubdate readonly required reversed scoped seamless seeking selected truespeed typemustmatch willvalidate\&quot;.split(\&quot; \&quot;);function V(a,b){var e=null,c=b.toLowerCase();if(\&quot;style\&quot;==c)return(e=a.style)&amp;&amp;!f(e)&amp;&amp;(e=e.cssText),e;if((\&quot;selected\&quot;==c||\&quot;checked\&quot;==c)&amp;&amp;T(a)){if(!T(a))throw new h(15,\&quot;Element is not selectable\&quot;);b=\&quot;selected\&quot;;e=a.type&amp;&amp;a.type.toLowerCase();if(\&quot;checkbox\&quot;==e||\&quot;radio\&quot;==e)b=\&quot;checked\&quot;;return S(a,b)?\&quot;true\&quot;:null}var g=R(a,\&quot;A\&quot;);if(R(a,\&quot;IMG\&quot;)&amp;&amp;\&quot;src\&quot;==c||g&amp;&amp;\&quot;href\&quot;==c)return(e=Q(a,c))&amp;&amp;(e=S(a,c)),e;if(\&quot;spellcheck\&quot;==c){e=Q(a,c);if(null!==e){if(\&quot;false\&quot;==e.toLowerCase())return\&quot;false\&quot;;if(\&quot;true\&quot;==e.toLowerCase())return\&quot;true\&quot;}return S(a,\nc)+\&quot;\&quot;}g=ja[b]||b;a:if(f(U))c=f(c)&amp;&amp;1==c.length?U.indexOf(c,0):-1;else{for(var u=0;u&lt;U.length;u++)if(u in U&amp;&amp;U[u]===c){c=u;break a}c=-1}if(0&lt;=c)return(e=null!==Q(a,b)||S(a,g))?\&quot;true\&quot;:null;try{var k=S(a,g)}catch(ka){}(c=null==k)||(c=typeof k,c=\&quot;object\&quot;==c&amp;&amp;null!=k||\&quot;function\&quot;==c);c?e=Q(a,b):e=k;return null!=e?e.toString():null}var W=[\&quot;_\&quot;],X=d;W[0]in X||!X.execScript||X.execScript(\&quot;var \&quot;+W[0]);\nfor(var Y;W.length&amp;&amp;(Y=W.shift());){var Z;if(Z=!W.length)Z=void 0!==V;Z?X[Y]=V:X[Y]&amp;&amp;X[Y]!==Object.prototype[Y]?X=X[Y]:X=X[Y]={}};; return this._.apply(null,arguments);}.apply({navigator:typeof window!='undefined'?window.navigator:null,document:typeof window!='undefined'?window.document:null}, arguments);}\n).apply(null, arguments);&quot;, &quot;args&quot;: [{&quot;ELEMENT&quot;: &quot;06f0fde3-0d41-4785-9fe9-dc90d06ac772&quot;, &quot;element-6066-11e4-a52e-4f735466cecf&quot;: &quot;06f0fde3-0d41-4785-9fe9-dc90d06ac772&quot;}, &quot;src&quot;]}&#10;urllib3.connectionpool: DEBUG: http://127.0.0.1:49955 &quot;POST /session/d1ee40d42cd075a2df52a0554c0c2f58/execute/sync HTTP/1.1&quot; 200 161&#10;selenium.webdriver.remote.remote_connection: DEBUG: Finished Request&#10;selenium.webdriver.remote.remote_connection: DEBUG: POST http://127.0.0.1:49955/session/d1ee40d42cd075a2df52a0554c0c2f58/execute/sync {&quot;script&quot;: &quot;return (function(){return function(){var d=this;function f(a){return\&quot;string\&quot;==typeof a};function h(a,b){this.code=a;this.a=l[a]||m;this.message=b||\&quot;\&quot;;a=this.a.replace(/((?:^|\\s+)[a-z])/g,function(a){return a.toUpperCase().replace(/^[\\s\\xa0]+/g,\&quot;\&quot;)});b=a.length-5;if(0&gt;b||a.indexOf(\&quot;Error\&quot;,b)!=b)a+=\&quot;Error\&quot;;this.name=a;a=Error(this.message);a.name=this.name;this.stack=a.stack||\&quot;\&quot;}\n(function(){var a=Error;function b(){}b.prototype=a.prototype;h.b=a.prototype;h.prototype=new b;h.prototype.constructor=h;h.a=function(b,c,g){for(var e=Array(arguments.length-2),k=2;k&lt;arguments.length;k++)e[k-2]=arguments[k];return a.prototype[c].apply(b,e)}})();var m=\&quot;unknown error\&quot;,l={15:\&quot;element not selectable\&quot;,11:\&quot;element not visible\&quot;};l[31]=m;l[30]=m;l[24]=\&quot;invalid cookie domain\&quot;;l[29]=\&quot;invalid element coordinates\&quot;;l[12]=\&quot;invalid element state\&quot;;l[32]=\&quot;invalid selector\&quot;;l[51]=\&quot;invalid selector\&quot;;\nl[52]=\&quot;invalid selector\&quot;;l[17]=\&quot;javascript error\&quot;;l[405]=\&quot;unsupported operation\&quot;;l[34]=\&quot;move target out of bounds\&quot;;l[27]=\&quot;no such alert\&quot;;l[7]=\&quot;no such element\&quot;;l[8]=\&quot;no such frame\&quot;;l[23]=\&quot;no such window\&quot;;l[28]=\&quot;script timeout\&quot;;l[33]=\&quot;session not created\&quot;;l[10]=\&quot;stale element reference\&quot;;l[21]=\&quot;timeout\&quot;;l[25]=\&quot;unable to set cookie\&quot;;l[26]=\&quot;unexpected alert open\&quot;;l[13]=m;l[9]=\&quot;unknown command\&quot;;h.prototype.toString=function(){return this.name+\&quot;: \&quot;+this.message};var n;a:{var p=d.navigator;if(p){var q=p.userAgent;if(q){n=q;break a}}n=\&quot;\&quot;}function r(a){return-1!=n.indexOf(a)};function t(a,b){for(var e=a.length,c=f(a)?a.split(\&quot;\&quot;):a,g=0;g&lt;e;g++)g in c&amp;&amp;b.call(void 0,c[g],g,a)};function v(){return r(\&quot;iPhone\&quot;)&amp;&amp;!r(\&quot;iPod\&quot;)&amp;&amp;!r(\&quot;iPad\&quot;)};function w(){return(r(\&quot;Chrome\&quot;)||r(\&quot;CriOS\&quot;))&amp;&amp;!r(\&quot;Edge\&quot;)};var x=r(\&quot;Opera\&quot;),y=r(\&quot;Trident\&quot;)||r(\&quot;MSIE\&quot;),z=r(\&quot;Edge\&quot;),A=r(\&quot;Gecko\&quot;)&amp;&amp;!(-1!=n.toLowerCase().indexOf(\&quot;webkit\&quot;)&amp;&amp;!r(\&quot;Edge\&quot;))&amp;&amp;!(r(\&quot;Trident\&quot;)||r(\&quot;MSIE\&quot;))&amp;&amp;!r(\&quot;Edge\&quot;),aa=-1!=n.toLowerCase().indexOf(\&quot;webkit\&quot;)&amp;&amp;!r(\&quot;Edge\&quot;);function B(){var a=d.document;return a?a.documentMode:void 0}var C;\na:{var D=\&quot;\&quot;,E=function(){var a=n;if(A)return/rv\\:([^\\);]+)(\\)|;)/.exec(a);if(z)return/Edge\\/([\\d\\.]+)/.exec(a);if(y)return/\\b(?:MSIE|rv)[: ]([^\\);]+)(\\)|;)/.exec(a);if(aa)return/WebKit\\/(\\S+)/.exec(a);if(x)return/(?:Version)[ \\/]?(\\S+)/.exec(a)}();E&amp;&amp;(D=E?E[1]:\&quot;\&quot;);if(y){var F=B();if(null!=F&amp;&amp;F&gt;parseFloat(D)){C=String(F);break a}}C=D}var G;var H=d.document;G=H&amp;&amp;y?B()||(\&quot;CSS1Compat\&quot;==H.compatMode?parseInt(C,10):5):void 0;var ba=r(\&quot;Firefox\&quot;),ca=v()||r(\&quot;iPod\&quot;),da=r(\&quot;iPad\&quot;),I=r(\&quot;Android\&quot;)&amp;&amp;!(w()||r(\&quot;Firefox\&quot;)||r(\&quot;Opera\&quot;)||r(\&quot;Silk\&quot;)),ea=w(),J=r(\&quot;Safari\&quot;)&amp;&amp;!(w()||r(\&quot;Coast\&quot;)||r(\&quot;Opera\&quot;)||r(\&quot;Edge\&quot;)||r(\&quot;Silk\&quot;)||r(\&quot;Android\&quot;))&amp;&amp;!(v()||r(\&quot;iPad\&quot;)||r(\&quot;iPod\&quot;));function K(a){return(a=a.exec(n))?a[1]:\&quot;\&quot;}(function(){if(ba)return K(/Firefox\\/([0-9.]+)/);if(y||z||x)return C;if(ea)return v()||r(\&quot;iPad\&quot;)||r(\&quot;iPod\&quot;)?K(/CriOS\\/([0-9.]+)/):K(/Chrome\\/([0-9.]+)/);if(J&amp;&amp;!(v()||r(\&quot;iPad\&quot;)||r(\&quot;iPod\&quot;)))return K(/Version\\/([0-9.]+)/);if(ca||da){var a=/Version\\/(\\S+).*Mobile\\/(\\S+)/.exec(n);if(a)return a[1]+\&quot;.\&quot;+a[2]}else if(I)return(a=K(/Android\\s+([0-9.]+)/))?a:K(/Version\\/([0-9.]+)/);return\&quot;\&quot;})();var L,M=function(){if(!A)return!1;var a=d.Components;if(!a)return!1;try{if(!a.classes)return!1}catch(g){return!1}var b=a.classes,a=a.interfaces,e=b[\&quot;@mozilla.org/xpcom/version-comparator;1\&quot;].getService(a.nsIVersionComparator),c=b[\&quot;@mozilla.org/xre/app-info;1\&quot;].getService(a.nsIXULAppInfo).version;L=function(a){e.compare(c,\&quot;\&quot;+a)};return!0}(),N=y&amp;&amp;!(8&lt;=Number(G)),fa=y&amp;&amp;!(9&lt;=Number(G));I&amp;&amp;M&amp;&amp;L(2.3);I&amp;&amp;M&amp;&amp;L(4);J&amp;&amp;M&amp;&amp;L(6);var ga={SCRIPT:1,STYLE:1,HEAD:1,IFRAME:1,OBJECT:1},O={IMG:\&quot; \&quot;,BR:\&quot;\\n\&quot;};function P(a,b,e){if(!(a.nodeName in ga))if(3==a.nodeType)e?b.push(String(a.nodeValue).replace(/(\\r\\n|\\r|\\n)/g,\&quot;\&quot;)):b.push(a.nodeValue);else if(a.nodeName in O)b.push(O[a.nodeName]);else for(a=a.firstChild;a;)P(a,b,e),a=a.nextSibling};function Q(a,b){b=b.toLowerCase();return\&quot;style\&quot;==b?ha(a.style.cssText):N&amp;&amp;\&quot;value\&quot;==b&amp;&amp;R(a,\&quot;INPUT\&quot;)?a.value:fa&amp;&amp;!0===a[b]?String(a.getAttribute(b)):(a=a.getAttributeNode(b))&amp;&amp;a.specified?a.value:null}var ia=/[;]+(?=(?:(?:[^\&quot;]*\&quot;){2})*[^\&quot;]*$)(?=(?:(?:[^']*'){2})*[^']*$)(?=(?:[^()]*\\([^()]*\\))*[^()]*$)/;\nfunction ha(a){var b=[];t(a.split(ia),function(a){var c=a.indexOf(\&quot;:\&quot;);0&lt;c&amp;&amp;(a=[a.slice(0,c),a.slice(c+1)],2==a.length&amp;&amp;b.push(a[0].toLowerCase(),\&quot;:\&quot;,a[1],\&quot;;\&quot;))});b=b.join(\&quot;\&quot;);return b=\&quot;;\&quot;==b.charAt(b.length-1)?b:b+\&quot;;\&quot;}function S(a,b){N&amp;&amp;\&quot;value\&quot;==b&amp;&amp;R(a,\&quot;OPTION\&quot;)&amp;&amp;null===Q(a,\&quot;value\&quot;)?(b=[],P(a,b,!1),a=b.join(\&quot;\&quot;)):a=a[b];return a}function R(a,b){b&amp;&amp;\&quot;string\&quot;!==typeof b&amp;&amp;(b=b.toString());return!!a&amp;&amp;1==a.nodeType&amp;&amp;(!b||a.tagName.toUpperCase()==b)}\nfunction T(a){return R(a,\&quot;OPTION\&quot;)?!0:R(a,\&quot;INPUT\&quot;)?(a=a.type.toLowerCase(),\&quot;checkbox\&quot;==a||\&quot;radio\&quot;==a):!1};var ja={\&quot;class\&quot;:\&quot;className\&quot;,readonly:\&quot;readOnly\&quot;},U=\&quot;allowfullscreen allowpaymentrequest allowusermedia async autofocus autoplay checked compact complete controls declare default defaultchecked defaultselected defer disabled ended formnovalidate hidden indeterminate iscontenteditable ismap itemscope loop multiple muted nohref nomodule noresize noshade novalidate nowrap open paused playsinline pubdate readonly required reversed scoped seamless seeking selected truespeed typemustmatch willvalidate\&quot;.split(\&quot; \&quot;);function V(a,b){var e=null,c=b.toLowerCase();if(\&quot;style\&quot;==c)return(e=a.style)&amp;&amp;!f(e)&amp;&amp;(e=e.cssText),e;if((\&quot;selected\&quot;==c||\&quot;checked\&quot;==c)&amp;&amp;T(a)){if(!T(a))throw new h(15,\&quot;Element is not selectable\&quot;);b=\&quot;selected\&quot;;e=a.type&amp;&amp;a.type.toLowerCase();if(\&quot;checkbox\&quot;==e||\&quot;radio\&quot;==e)b=\&quot;checked\&quot;;return S(a,b)?\&quot;true\&quot;:null}var g=R(a,\&quot;A\&quot;);if(R(a,\&quot;IMG\&quot;)&amp;&amp;\&quot;src\&quot;==c||g&amp;&amp;\&quot;href\&quot;==c)return(e=Q(a,c))&amp;&amp;(e=S(a,c)),e;if(\&quot;spellcheck\&quot;==c){e=Q(a,c);if(null!==e){if(\&quot;false\&quot;==e.toLowerCase())return\&quot;false\&quot;;if(\&quot;true\&quot;==e.toLowerCase())return\&quot;true\&quot;}return S(a,\nc)+\&quot;\&quot;}g=ja[b]||b;a:if(f(U))c=f(c)&amp;&amp;1==c.length?U.indexOf(c,0):-1;else{for(var u=0;u&lt;U.length;u++)if(u in U&amp;&amp;U[u]===c){c=u;break a}c=-1}if(0&lt;=c)return(e=null!==Q(a,b)||S(a,g))?\&quot;true\&quot;:null;try{var k=S(a,g)}catch(ka){}(c=null==k)||(c=typeof k,c=\&quot;object\&quot;==c&amp;&amp;null!=k||\&quot;function\&quot;==c);c?e=Q(a,b):e=k;return null!=e?e.toString():null}var W=[\&quot;_\&quot;],X=d;W[0]in X||!X.execScript||X.execScript(\&quot;var \&quot;+W[0]);\nfor(var Y;W.length&amp;&amp;(Y=W.shift());){var Z;if(Z=!W.length)Z=void 0!==V;Z?X[Y]=V:X[Y]&amp;&amp;X[Y]!==Object.prototype[Y]?X=X[Y]:X=X[Y]={}};; return this._.apply(null,arguments);}.apply({navigator:typeof window!='undefined'?window.navigator:null,document:typeof window!='undefined'?window.document:null}, arguments);}\n).apply(null, arguments);&quot;, &quot;args&quot;: [{&quot;ELEMENT&quot;: &quot;c90b7931-f065-45ba-a781-9114f82e11d3&quot;, &quot;element-6066-11e4-a52e-4f735466cecf&quot;: &quot;c90b7931-f065-45ba-a781-9114f82e11d3&quot;}, &quot;src&quot;]}&#10;urllib3.connectionpool: DEBUG: http://127.0.0.1:49955 &quot;POST /session/d1ee40d42cd075a2df52a0554c0c2f58/execute/sync HTTP/1.1&quot; 200 161&#10;selenium.webdriver.remote.remote_connection: DEBUG: Finished Request&#10;selenium.webdriver.remote.remote_connection: DEBUG: POST http://127.0.0.1:49955/session/d1ee40d42cd075a2df52a0554c0c2f58/execute/sync {&quot;script&quot;: &quot;return (function(){return function(){var d=this;function f(a){return\&quot;string\&quot;==typeof a};function h(a,b){this.code=a;this.a=l[a]||m;this.message=b||\&quot;\&quot;;a=this.a.replace(/((?:^|\\s+)[a-z])/g,function(a){return a.toUpperCase().replace(/^[\\s\\xa0]+/g,\&quot;\&quot;)});b=a.length-5;if(0&gt;b||a.indexOf(\&quot;Error\&quot;,b)!=b)a+=\&quot;Error\&quot;;this.name=a;a=Error(this.message);a.name=this.name;this.stack=a.stack||\&quot;\&quot;}\n(function(){var a=Error;function b(){}b.prototype=a.prototype;h.b=a.prototype;h.prototype=new b;h.prototype.constructor=h;h.a=function(b,c,g){for(var e=Array(arguments.length-2),k=2;k&lt;arguments.length;k++)e[k-2]=arguments[k];return a.prototype[c].apply(b,e)}})();var m=\&quot;unknown error\&quot;,l={15:\&quot;element not selectable\&quot;,11:\&quot;element not visible\&quot;};l[31]=m;l[30]=m;l[24]=\&quot;invalid cookie domain\&quot;;l[29]=\&quot;invalid element coordinates\&quot;;l[12]=\&quot;invalid element state\&quot;;l[32]=\&quot;invalid selector\&quot;;l[51]=\&quot;invalid selector\&quot;;\nl[52]=\&quot;invalid selector\&quot;;l[17]=\&quot;javascript error\&quot;;l[405]=\&quot;unsupported operation\&quot;;l[34]=\&quot;move target out of bounds\&quot;;l[27]=\&quot;no such alert\&quot;;l[7]=\&quot;no such element\&quot;;l[8]=\&quot;no such frame\&quot;;l[23]=\&quot;no such window\&quot;;l[28]=\&quot;script timeout\&quot;;l[33]=\&quot;session not created\&quot;;l[10]=\&quot;stale element reference\&quot;;l[21]=\&quot;timeout\&quot;;l[25]=\&quot;unable to set cookie\&quot;;l[26]=\&quot;unexpected alert open\&quot;;l[13]=m;l[9]=\&quot;unknown command\&quot;;h.prototype.toString=function(){return this.name+\&quot;: \&quot;+this.message};var n;a:{var p=d.navigator;if(p){var q=p.userAgent;if(q){n=q;break a}}n=\&quot;\&quot;}function r(a){return-1!=n.indexOf(a)};function t(a,b){for(var e=a.length,c=f(a)?a.split(\&quot;\&quot;):a,g=0;g&lt;e;g++)g in c&amp;&amp;b.call(void 0,c[g],g,a)};function v(){return r(\&quot;iPhone\&quot;)&amp;&amp;!r(\&quot;iPod\&quot;)&amp;&amp;!r(\&quot;iPad\&quot;)};function w(){return(r(\&quot;Chrome\&quot;)||r(\&quot;CriOS\&quot;))&amp;&amp;!r(\&quot;Edge\&quot;)};var x=r(\&quot;Opera\&quot;),y=r(\&quot;Trident\&quot;)||r(\&quot;MSIE\&quot;),z=r(\&quot;Edge\&quot;),A=r(\&quot;Gecko\&quot;)&amp;&amp;!(-1!=n.toLowerCase().indexOf(\&quot;webkit\&quot;)&amp;&amp;!r(\&quot;Edge\&quot;))&amp;&amp;!(r(\&quot;Trident\&quot;)||r(\&quot;MSIE\&quot;))&amp;&amp;!r(\&quot;Edge\&quot;),aa=-1!=n.toLowerCase().indexOf(\&quot;webkit\&quot;)&amp;&amp;!r(\&quot;Edge\&quot;);function B(){var a=d.document;return a?a.documentMode:void 0}var C;\na:{var D=\&quot;\&quot;,E=function(){var a=n;if(A)return/rv\\:([^\\);]+)(\\)|;)/.exec(a);if(z)return/Edge\\/([\\d\\.]+)/.exec(a);if(y)return/\\b(?:MSIE|rv)[: ]([^\\);]+)(\\)|;)/.exec(a);if(aa)return/WebKit\\/(\\S+)/.exec(a);if(x)return/(?:Version)[ \\/]?(\\S+)/.exec(a)}();E&amp;&amp;(D=E?E[1]:\&quot;\&quot;);if(y){var F=B();if(null!=F&amp;&amp;F&gt;parseFloat(D)){C=String(F);break a}}C=D}var G;var H=d.document;G=H&amp;&amp;y?B()||(\&quot;CSS1Compat\&quot;==H.compatMode?parseInt(C,10):5):void 0;var ba=r(\&quot;Firefox\&quot;),ca=v()||r(\&quot;iPod\&quot;),da=r(\&quot;iPad\&quot;),I=r(\&quot;Android\&quot;)&amp;&amp;!(w()||r(\&quot;Firefox\&quot;)||r(\&quot;Opera\&quot;)||r(\&quot;Silk\&quot;)),ea=w(),J=r(\&quot;Safari\&quot;)&amp;&amp;!(w()||r(\&quot;Coast\&quot;)||r(\&quot;Opera\&quot;)||r(\&quot;Edge\&quot;)||r(\&quot;Silk\&quot;)||r(\&quot;Android\&quot;))&amp;&amp;!(v()||r(\&quot;iPad\&quot;)||r(\&quot;iPod\&quot;));function K(a){return(a=a.exec(n))?a[1]:\&quot;\&quot;}(function(){if(ba)return K(/Firefox\\/([0-9.]+)/);if(y||z||x)return C;if(ea)return v()||r(\&quot;iPad\&quot;)||r(\&quot;iPod\&quot;)?K(/CriOS\\/([0-9.]+)/):K(/Chrome\\/([0-9.]+)/);if(J&amp;&amp;!(v()||r(\&quot;iPad\&quot;)||r(\&quot;iPod\&quot;)))return K(/Version\\/([0-9.]+)/);if(ca||da){var a=/Version\\/(\\S+).*Mobile\\/(\\S+)/.exec(n);if(a)return a[1]+\&quot;.\&quot;+a[2]}else if(I)return(a=K(/Android\\s+([0-9.]+)/))?a:K(/Version\\/([0-9.]+)/);return\&quot;\&quot;})();var L,M=function(){if(!A)return!1;var a=d.Components;if(!a)return!1;try{if(!a.classes)return!1}catch(g){return!1}var b=a.classes,a=a.interfaces,e=b[\&quot;@mozilla.org/xpcom/version-comparator;1\&quot;].getService(a.nsIVersionComparator),c=b[\&quot;@mozilla.org/xre/app-info;1\&quot;].getService(a.nsIXULAppInfo).version;L=function(a){e.compare(c,\&quot;\&quot;+a)};return!0}(),N=y&amp;&amp;!(8&lt;=Number(G)),fa=y&amp;&amp;!(9&lt;=Number(G));I&amp;&amp;M&amp;&amp;L(2.3);I&amp;&amp;M&amp;&amp;L(4);J&amp;&amp;M&amp;&amp;L(6);var ga={SCRIPT:1,STYLE:1,HEAD:1,IFRAME:1,OBJECT:1},O={IMG:\&quot; \&quot;,BR:\&quot;\\n\&quot;};function P(a,b,e){if(!(a.nodeName in ga))if(3==a.nodeType)e?b.push(String(a.nodeValue).replace(/(\\r\\n|\\r|\\n)/g,\&quot;\&quot;)):b.push(a.nodeValue);else if(a.nodeName in O)b.push(O[a.nodeName]);else for(a=a.firstChild;a;)P(a,b,e),a=a.nextSibling};function Q(a,b){b=b.toLowerCase();return\&quot;style\&quot;==b?ha(a.style.cssText):N&amp;&amp;\&quot;value\&quot;==b&amp;&amp;R(a,\&quot;INPUT\&quot;)?a.value:fa&amp;&amp;!0===a[b]?String(a.getAttribute(b)):(a=a.getAttributeNode(b))&amp;&amp;a.specified?a.value:null}var ia=/[;]+(?=(?:(?:[^\&quot;]*\&quot;){2})*[^\&quot;]*$)(?=(?:(?:[^']*'){2})*[^']*$)(?=(?:[^()]*\\([^()]*\\))*[^()]*$)/;\nfunction ha(a){var b=[];t(a.split(ia),function(a){var c=a.indexOf(\&quot;:\&quot;);0&lt;c&amp;&amp;(a=[a.slice(0,c),a.slice(c+1)],2==a.length&amp;&amp;b.push(a[0].toLowerCase(),\&quot;:\&quot;,a[1],\&quot;;\&quot;))});b=b.join(\&quot;\&quot;);return b=\&quot;;\&quot;==b.charAt(b.length-1)?b:b+\&quot;;\&quot;}function S(a,b){N&amp;&amp;\&quot;value\&quot;==b&amp;&amp;R(a,\&quot;OPTION\&quot;)&amp;&amp;null===Q(a,\&quot;value\&quot;)?(b=[],P(a,b,!1),a=b.join(\&quot;\&quot;)):a=a[b];return a}function R(a,b){b&amp;&amp;\&quot;string\&quot;!==typeof b&amp;&amp;(b=b.toString());return!!a&amp;&amp;1==a.nodeType&amp;&amp;(!b||a.tagName.toUpperCase()==b)}\nfunction T(a){return R(a,\&quot;OPTION\&quot;)?!0:R(a,\&quot;INPUT\&quot;)?(a=a.type.toLowerCase(),\&quot;checkbox\&quot;==a||\&quot;radio\&quot;==a):!1};var ja={\&quot;class\&quot;:\&quot;className\&quot;,readonly:\&quot;readOnly\&quot;},U=\&quot;allowfullscreen allowpaymentrequest allowusermedia async autofocus autoplay checked compact complete controls declare default defaultchecked defaultselected defer disabled ended formnovalidate hidden indeterminate iscontenteditable ismap itemscope loop multiple muted nohref nomodule noresize noshade novalidate nowrap open paused playsinline pubdate readonly required reversed scoped seamless seeking selected truespeed typemustmatch willvalidate\&quot;.split(\&quot; \&quot;);function V(a,b){var e=null,c=b.toLowerCase();if(\&quot;style\&quot;==c)return(e=a.style)&amp;&amp;!f(e)&amp;&amp;(e=e.cssText),e;if((\&quot;selected\&quot;==c||\&quot;checked\&quot;==c)&amp;&amp;T(a)){if(!T(a))throw new h(15,\&quot;Element is not selectable\&quot;);b=\&quot;selected\&quot;;e=a.type&amp;&amp;a.type.toLowerCase();if(\&quot;checkbox\&quot;==e||\&quot;radio\&quot;==e)b=\&quot;checked\&quot;;return S(a,b)?\&quot;true\&quot;:null}var g=R(a,\&quot;A\&quot;);if(R(a,\&quot;IMG\&quot;)&amp;&amp;\&quot;src\&quot;==c||g&amp;&amp;\&quot;href\&quot;==c)return(e=Q(a,c))&amp;&amp;(e=S(a,c)),e;if(\&quot;spellcheck\&quot;==c){e=Q(a,c);if(null!==e){if(\&quot;false\&quot;==e.toLowerCase())return\&quot;false\&quot;;if(\&quot;true\&quot;==e.toLowerCase())return\&quot;true\&quot;}return S(a,\nc)+\&quot;\&quot;}g=ja[b]||b;a:if(f(U))c=f(c)&amp;&amp;1==c.length?U.indexOf(c,0):-1;else{for(var u=0;u&lt;U.length;u++)if(u in U&amp;&amp;U[u]===c){c=u;break a}c=-1}if(0&lt;=c)return(e=null!==Q(a,b)||S(a,g))?\&quot;true\&quot;:null;try{var k=S(a,g)}catch(ka){}(c=null==k)||(c=typeof k,c=\&quot;object\&quot;==c&amp;&amp;null!=k||\&quot;function\&quot;==c);c?e=Q(a,b):e=k;return null!=e?e.toString():null}var W=[\&quot;_\&quot;],X=d;W[0]in X||!X.execScript||X.execScript(\&quot;var \&quot;+W[0]);\nfor(var Y;W.length&amp;&amp;(Y=W.shift());){var Z;if(Z=!W.length)Z=void 0!==V;Z?X[Y]=V:X[Y]&amp;&amp;X[Y]!==Object.prototype[Y]?X=X[Y]:X=X[Y]={}};; return this._.apply(null,arguments);}.apply({navigator:typeof window!='undefined'?window.navigator:null,document:typeof window!='undefined'?window.document:null}, arguments);}\n).apply(null, arguments);&quot;, &quot;args&quot;: [{&quot;ELEMENT&quot;: &quot;7fe83c09-86a1-4c38-b293-ef7a37133728&quot;, &quot;element-6066-11e4-a52e-4f735466cecf&quot;: &quot;7fe83c09-86a1-4c38-b293-ef7a37133728&quot;}, &quot;src&quot;]}&#10;urllib3.connectionpool: DEBUG: http://127.0.0.1:49955 &quot;POST /session/d1ee40d42cd075a2df52a0554c0c2f58/execute/sync HTTP/1.1&quot; 200 161&#10;selenium.webdriver.remote.remote_connection: DEBUG: Finished Request&#10;selenium.webdriver.remote.remote_connection: DEBUG: POST http://127.0.0.1:49955/session/d1ee40d42cd075a2df52a0554c0c2f58/execute/sync {&quot;script&quot;: &quot;return (function(){return function(){var d=this;function f(a){return\&quot;string\&quot;==typeof a};function h(a,b){this.code=a;this.a=l[a]||m;this.message=b||\&quot;\&quot;;a=this.a.replace(/((?:^|\\s+)[a-z])/g,function(a){return a.toUpperCase().replace(/^[\\s\\xa0]+/g,\&quot;\&quot;)});b=a.length-5;if(0&gt;b||a.indexOf(\&quot;Error\&quot;,b)!=b)a+=\&quot;Error\&quot;;this.name=a;a=Error(this.message);a.name=this.name;this.stack=a.stack||\&quot;\&quot;}\n(function(){var a=Error;function b(){}b.prototype=a.prototype;h.b=a.prototype;h.prototype=new b;h.prototype.constructor=h;h.a=function(b,c,g){for(var e=Array(arguments.length-2),k=2;k&lt;arguments.length;k++)e[k-2]=arguments[k];return a.prototype[c].apply(b,e)}})();var m=\&quot;unknown error\&quot;,l={15:\&quot;element not selectable\&quot;,11:\&quot;element not visible\&quot;};l[31]=m;l[30]=m;l[24]=\&quot;invalid cookie domain\&quot;;l[29]=\&quot;invalid element coordinates\&quot;;l[12]=\&quot;invalid element state\&quot;;l[32]=\&quot;invalid selector\&quot;;l[51]=\&quot;invalid selector\&quot;;\nl[52]=\&quot;invalid selector\&quot;;l[17]=\&quot;javascript error\&quot;;l[405]=\&quot;unsupported operation\&quot;;l[34]=\&quot;move target out of bounds\&quot;;l[27]=\&quot;no such alert\&quot;;l[7]=\&quot;no such element\&quot;;l[8]=\&quot;no such frame\&quot;;l[23]=\&quot;no such window\&quot;;l[28]=\&quot;script timeout\&quot;;l[33]=\&quot;session not created\&quot;;l[10]=\&quot;stale element reference\&quot;;l[21]=\&quot;timeout\&quot;;l[25]=\&quot;unable to set cookie\&quot;;l[26]=\&quot;unexpected alert open\&quot;;l[13]=m;l[9]=\&quot;unknown command\&quot;;h.prototype.toString=function(){return this.name+\&quot;: \&quot;+this.message};var n;a:{var p=d.navigator;if(p){var q=p.userAgent;if(q){n=q;break a}}n=\&quot;\&quot;}function r(a){return-1!=n.indexOf(a)};function t(a,b){for(var e=a.length,c=f(a)?a.split(\&quot;\&quot;):a,g=0;g&lt;e;g++)g in c&amp;&amp;b.call(void 0,c[g],g,a)};function v(){return r(\&quot;iPhone\&quot;)&amp;&amp;!r(\&quot;iPod\&quot;)&amp;&amp;!r(\&quot;iPad\&quot;)};function w(){return(r(\&quot;Chrome\&quot;)||r(\&quot;CriOS\&quot;))&amp;&amp;!r(\&quot;Edge\&quot;)};var x=r(\&quot;Opera\&quot;),y=r(\&quot;Trident\&quot;)||r(\&quot;MSIE\&quot;),z=r(\&quot;Edge\&quot;),A=r(\&quot;Gecko\&quot;)&amp;&amp;!(-1!=n.toLowerCase().indexOf(\&quot;webkit\&quot;)&amp;&amp;!r(\&quot;Edge\&quot;))&amp;&amp;!(r(\&quot;Trident\&quot;)||r(\&quot;MSIE\&quot;))&amp;&amp;!r(\&quot;Edge\&quot;),aa=-1!=n.toLowerCase().indexOf(\&quot;webkit\&quot;)&amp;&amp;!r(\&quot;Edge\&quot;);function B(){var a=d.document;return a?a.documentMode:void 0}var C;\na:{var D=\&quot;\&quot;,E=function(){var a=n;if(A)return/rv\\:([^\\);]+)(\\)|;)/.exec(a);if(z)return/Edge\\/([\\d\\.]+)/.exec(a);if(y)return/\\b(?:MSIE|rv)[: ]([^\\);]+)(\\)|;)/.exec(a);if(aa)return/WebKit\\/(\\S+)/.exec(a);if(x)return/(?:Version)[ \\/]?(\\S+)/.exec(a)}();E&amp;&amp;(D=E?E[1]:\&quot;\&quot;);if(y){var F=B();if(null!=F&amp;&amp;F&gt;parseFloat(D)){C=String(F);break a}}C=D}var G;var H=d.document;G=H&amp;&amp;y?B()||(\&quot;CSS1Compat\&quot;==H.compatMode?parseInt(C,10):5):void 0;var ba=r(\&quot;Firefox\&quot;),ca=v()||r(\&quot;iPod\&quot;),da=r(\&quot;iPad\&quot;),I=r(\&quot;Android\&quot;)&amp;&amp;!(w()||r(\&quot;Firefox\&quot;)||r(\&quot;Opera\&quot;)||r(\&quot;Silk\&quot;)),ea=w(),J=r(\&quot;Safari\&quot;)&amp;&amp;!(w()||r(\&quot;Coast\&quot;)||r(\&quot;Opera\&quot;)||r(\&quot;Edge\&quot;)||r(\&quot;Silk\&quot;)||r(\&quot;Android\&quot;))&amp;&amp;!(v()||r(\&quot;iPad\&quot;)||r(\&quot;iPod\&quot;));function K(a){return(a=a.exec(n))?a[1]:\&quot;\&quot;}(function(){if(ba)return K(/Firefox\\/([0-9.]+)/);if(y||z||x)return C;if(ea)return v()||r(\&quot;iPad\&quot;)||r(\&quot;iPod\&quot;)?K(/CriOS\\/([0-9.]+)/):K(/Chrome\\/([0-9.]+)/);if(J&amp;&amp;!(v()||r(\&quot;iPad\&quot;)||r(\&quot;iPod\&quot;)))return K(/Version\\/([0-9.]+)/);if(ca||da){var a=/Version\\/(\\S+).*Mobile\\/(\\S+)/.exec(n);if(a)return a[1]+\&quot;.\&quot;+a[2]}else if(I)return(a=K(/Android\\s+([0-9.]+)/))?a:K(/Version\\/([0-9.]+)/);return\&quot;\&quot;})();var L,M=function(){if(!A)return!1;var a=d.Components;if(!a)return!1;try{if(!a.classes)return!1}catch(g){return!1}var b=a.classes,a=a.interfaces,e=b[\&quot;@mozilla.org/xpcom/version-comparator;1\&quot;].getService(a.nsIVersionComparator),c=b[\&quot;@mozilla.org/xre/app-info;1\&quot;].getService(a.nsIXULAppInfo).version;L=function(a){e.compare(c,\&quot;\&quot;+a)};return!0}(),N=y&amp;&amp;!(8&lt;=Number(G)),fa=y&amp;&amp;!(9&lt;=Number(G));I&amp;&amp;M&amp;&amp;L(2.3);I&amp;&amp;M&amp;&amp;L(4);J&amp;&amp;M&amp;&amp;L(6);var ga={SCRIPT:1,STYLE:1,HEAD:1,IFRAME:1,OBJECT:1},O={IMG:\&quot; \&quot;,BR:\&quot;\\n\&quot;};function P(a,b,e){if(!(a.nodeName in ga))if(3==a.nodeType)e?b.push(String(a.nodeValue).replace(/(\\r\\n|\\r|\\n)/g,\&quot;\&quot;)):b.push(a.nodeValue);else if(a.nodeName in O)b.push(O[a.nodeName]);else for(a=a.firstChild;a;)P(a,b,e),a=a.nextSibling};function Q(a,b){b=b.toLowerCase();return\&quot;style\&quot;==b?ha(a.style.cssText):N&amp;&amp;\&quot;value\&quot;==b&amp;&amp;R(a,\&quot;INPUT\&quot;)?a.value:fa&amp;&amp;!0===a[b]?String(a.getAttribute(b)):(a=a.getAttributeNode(b))&amp;&amp;a.specified?a.value:null}var ia=/[;]+(?=(?:(?:[^\&quot;]*\&quot;){2})*[^\&quot;]*$)(?=(?:(?:[^']*'){2})*[^']*$)(?=(?:[^()]*\\([^()]*\\))*[^()]*$)/;\nfunction ha(a){var b=[];t(a.split(ia),function(a){var c=a.indexOf(\&quot;:\&quot;);0&lt;c&amp;&amp;(a=[a.slice(0,c),a.slice(c+1)],2==a.length&amp;&amp;b.push(a[0].toLowerCase(),\&quot;:\&quot;,a[1],\&quot;;\&quot;))});b=b.join(\&quot;\&quot;);return b=\&quot;;\&quot;==b.charAt(b.length-1)?b:b+\&quot;;\&quot;}function S(a,b){N&amp;&amp;\&quot;value\&quot;==b&amp;&amp;R(a,\&quot;OPTION\&quot;)&amp;&amp;null===Q(a,\&quot;value\&quot;)?(b=[],P(a,b,!1),a=b.join(\&quot;\&quot;)):a=a[b];return a}function R(a,b){b&amp;&amp;\&quot;string\&quot;!==typeof b&amp;&amp;(b=b.toString());return!!a&amp;&amp;1==a.nodeType&amp;&amp;(!b||a.tagName.toUpperCase()==b)}\nfunction T(a){return R(a,\&quot;OPTION\&quot;)?!0:R(a,\&quot;INPUT\&quot;)?(a=a.type.toLowerCase(),\&quot;checkbox\&quot;==a||\&quot;radio\&quot;==a):!1};var ja={\&quot;class\&quot;:\&quot;className\&quot;,readonly:\&quot;readOnly\&quot;},U=\&quot;allowfullscreen allowpaymentrequest allowusermedia async autofocus autoplay checked compact complete controls declare default defaultchecked defaultselected defer disabled ended formnovalidate hidden indeterminate iscontenteditable ismap itemscope loop multiple muted nohref nomodule noresize noshade novalidate nowrap open paused playsinline pubdate readonly required reversed scoped seamless seeking selected truespeed typemustmatch willvalidate\&quot;.split(\&quot; \&quot;);function V(a,b){var e=null,c=b.toLowerCase();if(\&quot;style\&quot;==c)return(e=a.style)&amp;&amp;!f(e)&amp;&amp;(e=e.cssText),e;if((\&quot;selected\&quot;==c||\&quot;checked\&quot;==c)&amp;&amp;T(a)){if(!T(a))throw new h(15,\&quot;Element is not selectable\&quot;);b=\&quot;selected\&quot;;e=a.type&amp;&amp;a.type.toLowerCase();if(\&quot;checkbox\&quot;==e||\&quot;radio\&quot;==e)b=\&quot;checked\&quot;;return S(a,b)?\&quot;true\&quot;:null}var g=R(a,\&quot;A\&quot;);if(R(a,\&quot;IMG\&quot;)&amp;&amp;\&quot;src\&quot;==c||g&amp;&amp;\&quot;href\&quot;==c)return(e=Q(a,c))&amp;&amp;(e=S(a,c)),e;if(\&quot;spellcheck\&quot;==c){e=Q(a,c);if(null!==e){if(\&quot;false\&quot;==e.toLowerCase())return\&quot;false\&quot;;if(\&quot;true\&quot;==e.toLowerCase())return\&quot;true\&quot;}return S(a,\nc)+\&quot;\&quot;}g=ja[b]||b;a:if(f(U))c=f(c)&amp;&amp;1==c.length?U.indexOf(c,0):-1;else{for(var u=0;u&lt;U.length;u++)if(u in U&amp;&amp;U[u]===c){c=u;break a}c=-1}if(0&lt;=c)return(e=null!==Q(a,b)||S(a,g))?\&quot;true\&quot;:null;try{var k=S(a,g)}catch(ka){}(c=null==k)||(c=typeof k,c=\&quot;object\&quot;==c&amp;&amp;null!=k||\&quot;function\&quot;==c);c?e=Q(a,b):e=k;return null!=e?e.toString():null}var W=[\&quot;_\&quot;],X=d;W[0]in X||!X.execScript||X.execScript(\&quot;var \&quot;+W[0]);\nfor(var Y;W.length&amp;&amp;(Y=W.shift());){var Z;if(Z=!W.length)Z=void 0!==V;Z?X[Y]=V:X[Y]&amp;&amp;X[Y]!==Object.prototype[Y]?X=X[Y]:X=X[Y]={}};; return this._.apply(null,arguments);}.apply({navigator:typeof window!='undefined'?window.navigator:null,document:typeof window!='undefined'?window.document:null}, arguments);}\n).apply(null, arguments);&quot;, &quot;args&quot;: [{&quot;ELEMENT&quot;: &quot;394c74e9-f329-43e0-9da3-02224fd41f38&quot;, &quot;element-6066-11e4-a52e-4f735466cecf&quot;: &quot;394c74e9-f329-43e0-9da3-02224fd41f38&quot;}, &quot;src&quot;]}&#10;urllib3.connectionpool: DEBUG: http://127.0.0.1:49955 &quot;POST /session/d1ee40d42cd075a2df52a0554c0c2f58/execute/sync HTTP/1.1&quot; 200 161&#10;selenium.webdriver.remote.remote_connection: DEBUG: Finished Request&#10;selenium.webdriver.remote.remote_connection: DEBUG: POST http://127.0.0.1:49955/session/d1ee40d42cd075a2df52a0554c0c2f58/execute/sync {&quot;script&quot;: &quot;return (function(){return function(){var d=this;function f(a){return\&quot;string\&quot;==typeof a};function h(a,b){this.code=a;this.a=l[a]||m;this.message=b||\&quot;\&quot;;a=this.a.replace(/((?:^|\\s+)[a-z])/g,function(a){return a.toUpperCase().replace(/^[\\s\\xa0]+/g,\&quot;\&quot;)});b=a.length-5;if(0&gt;b||a.indexOf(\&quot;Error\&quot;,b)!=b)a+=\&quot;Error\&quot;;this.name=a;a=Error(this.message);a.name=this.name;this.stack=a.stack||\&quot;\&quot;}\n(function(){var a=Error;function b(){}b.prototype=a.prototype;h.b=a.prototype;h.prototype=new b;h.prototype.constructor=h;h.a=function(b,c,g){for(var e=Array(arguments.length-2),k=2;k&lt;arguments.length;k++)e[k-2]=arguments[k];return a.prototype[c].apply(b,e)}})();var m=\&quot;unknown error\&quot;,l={15:\&quot;element not selectable\&quot;,11:\&quot;element not visible\&quot;};l[31]=m;l[30]=m;l[24]=\&quot;invalid cookie domain\&quot;;l[29]=\&quot;invalid element coordinates\&quot;;l[12]=\&quot;invalid element state\&quot;;l[32]=\&quot;invalid selector\&quot;;l[51]=\&quot;invalid selector\&quot;;\nl[52]=\&quot;invalid selector\&quot;;l[17]=\&quot;javascript error\&quot;;l[405]=\&quot;unsupported operation\&quot;;l[34]=\&quot;move target out of bounds\&quot;;l[27]=\&quot;no such alert\&quot;;l[7]=\&quot;no such element\&quot;;l[8]=\&quot;no such frame\&quot;;l[23]=\&quot;no such window\&quot;;l[28]=\&quot;script timeout\&quot;;l[33]=\&quot;session not created\&quot;;l[10]=\&quot;stale element reference\&quot;;l[21]=\&quot;timeout\&quot;;l[25]=\&quot;unable to set cookie\&quot;;l[26]=\&quot;unexpected alert open\&quot;;l[13]=m;l[9]=\&quot;unknown command\&quot;;h.prototype.toString=function(){return this.name+\&quot;: \&quot;+this.message};var n;a:{var p=d.navigator;if(p){var q=p.userAgent;if(q){n=q;break a}}n=\&quot;\&quot;}function r(a){return-1!=n.indexOf(a)};function t(a,b){for(var e=a.length,c=f(a)?a.split(\&quot;\&quot;):a,g=0;g&lt;e;g++)g in c&amp;&amp;b.call(void 0,c[g],g,a)};function v(){return r(\&quot;iPhone\&quot;)&amp;&amp;!r(\&quot;iPod\&quot;)&amp;&amp;!r(\&quot;iPad\&quot;)};function w(){return(r(\&quot;Chrome\&quot;)||r(\&quot;CriOS\&quot;))&amp;&amp;!r(\&quot;Edge\&quot;)};var x=r(\&quot;Opera\&quot;),y=r(\&quot;Trident\&quot;)||r(\&quot;MSIE\&quot;),z=r(\&quot;Edge\&quot;),A=r(\&quot;Gecko\&quot;)&amp;&amp;!(-1!=n.toLowerCase().indexOf(\&quot;webkit\&quot;)&amp;&amp;!r(\&quot;Edge\&quot;))&amp;&amp;!(r(\&quot;Trident\&quot;)||r(\&quot;MSIE\&quot;))&amp;&amp;!r(\&quot;Edge\&quot;),aa=-1!=n.toLowerCase().indexOf(\&quot;webkit\&quot;)&amp;&amp;!r(\&quot;Edge\&quot;);function B(){var a=d.document;return a?a.documentMode:void 0}var C;\na:{var D=\&quot;\&quot;,E=function(){var a=n;if(A)return/rv\\:([^\\);]+)(\\)|;)/.exec(a);if(z)return/Edge\\/([\\d\\.]+)/.exec(a);if(y)return/\\b(?:MSIE|rv)[: ]([^\\);]+)(\\)|;)/.exec(a);if(aa)return/WebKit\\/(\\S+)/.exec(a);if(x)return/(?:Version)[ \\/]?(\\S+)/.exec(a)}();E&amp;&amp;(D=E?E[1]:\&quot;\&quot;);if(y){var F=B();if(null!=F&amp;&amp;F&gt;parseFloat(D)){C=String(F);break a}}C=D}var G;var H=d.document;G=H&amp;&amp;y?B()||(\&quot;CSS1Compat\&quot;==H.compatMode?parseInt(C,10):5):void 0;var ba=r(\&quot;Firefox\&quot;),ca=v()||r(\&quot;iPod\&quot;),da=r(\&quot;iPad\&quot;),I=r(\&quot;Android\&quot;)&amp;&amp;!(w()||r(\&quot;Firefox\&quot;)||r(\&quot;Opera\&quot;)||r(\&quot;Silk\&quot;)),ea=w(),J=r(\&quot;Safari\&quot;)&amp;&amp;!(w()||r(\&quot;Coast\&quot;)||r(\&quot;Opera\&quot;)||r(\&quot;Edge\&quot;)||r(\&quot;Silk\&quot;)||r(\&quot;Android\&quot;))&amp;&amp;!(v()||r(\&quot;iPad\&quot;)||r(\&quot;iPod\&quot;));function K(a){return(a=a.exec(n))?a[1]:\&quot;\&quot;}(function(){if(ba)return K(/Firefox\\/([0-9.]+)/);if(y||z||x)return C;if(ea)return v()||r(\&quot;iPad\&quot;)||r(\&quot;iPod\&quot;)?K(/CriOS\\/([0-9.]+)/):K(/Chrome\\/([0-9.]+)/);if(J&amp;&amp;!(v()||r(\&quot;iPad\&quot;)||r(\&quot;iPod\&quot;)))return K(/Version\\/([0-9.]+)/);if(ca||da){var a=/Version\\/(\\S+).*Mobile\\/(\\S+)/.exec(n);if(a)return a[1]+\&quot;.\&quot;+a[2]}else if(I)return(a=K(/Android\\s+([0-9.]+)/))?a:K(/Version\\/([0-9.]+)/);return\&quot;\&quot;})();var L,M=function(){if(!A)return!1;var a=d.Components;if(!a)return!1;try{if(!a.classes)return!1}catch(g){return!1}var b=a.classes,a=a.interfaces,e=b[\&quot;@mozilla.org/xpcom/version-comparator;1\&quot;].getService(a.nsIVersionComparator),c=b[\&quot;@mozilla.org/xre/app-info;1\&quot;].getService(a.nsIXULAppInfo).version;L=function(a){e.compare(c,\&quot;\&quot;+a)};return!0}(),N=y&amp;&amp;!(8&lt;=Number(G)),fa=y&amp;&amp;!(9&lt;=Number(G));I&amp;&amp;M&amp;&amp;L(2.3);I&amp;&amp;M&amp;&amp;L(4);J&amp;&amp;M&amp;&amp;L(6);var ga={SCRIPT:1,STYLE:1,HEAD:1,IFRAME:1,OBJECT:1},O={IMG:\&quot; \&quot;,BR:\&quot;\\n\&quot;};function P(a,b,e){if(!(a.nodeName in ga))if(3==a.nodeType)e?b.push(String(a.nodeValue).replace(/(\\r\\n|\\r|\\n)/g,\&quot;\&quot;)):b.push(a.nodeValue);else if(a.nodeName in O)b.push(O[a.nodeName]);else for(a=a.firstChild;a;)P(a,b,e),a=a.nextSibling};function Q(a,b){b=b.toLowerCase();return\&quot;style\&quot;==b?ha(a.style.cssText):N&amp;&amp;\&quot;value\&quot;==b&amp;&amp;R(a,\&quot;INPUT\&quot;)?a.value:fa&amp;&amp;!0===a[b]?String(a.getAttribute(b)):(a=a.getAttributeNode(b))&amp;&amp;a.specified?a.value:null}var ia=/[;]+(?=(?:(?:[^\&quot;]*\&quot;){2})*[^\&quot;]*$)(?=(?:(?:[^']*'){2})*[^']*$)(?=(?:[^()]*\\([^()]*\\))*[^()]*$)/;\nfunction ha(a){var b=[];t(a.split(ia),function(a){var c=a.indexOf(\&quot;:\&quot;);0&lt;c&amp;&amp;(a=[a.slice(0,c),a.slice(c+1)],2==a.length&amp;&amp;b.push(a[0].toLowerCase(),\&quot;:\&quot;,a[1],\&quot;;\&quot;))});b=b.join(\&quot;\&quot;);return b=\&quot;;\&quot;==b.charAt(b.length-1)?b:b+\&quot;;\&quot;}function S(a,b){N&amp;&amp;\&quot;value\&quot;==b&amp;&amp;R(a,\&quot;OPTION\&quot;)&amp;&amp;null===Q(a,\&quot;value\&quot;)?(b=[],P(a,b,!1),a=b.join(\&quot;\&quot;)):a=a[b];return a}function R(a,b){b&amp;&amp;\&quot;string\&quot;!==typeof b&amp;&amp;(b=b.toString());return!!a&amp;&amp;1==a.nodeType&amp;&amp;(!b||a.tagName.toUpperCase()==b)}\nfunction T(a){return R(a,\&quot;OPTION\&quot;)?!0:R(a,\&quot;INPUT\&quot;)?(a=a.type.toLowerCase(),\&quot;checkbox\&quot;==a||\&quot;radio\&quot;==a):!1};var ja={\&quot;class\&quot;:\&quot;className\&quot;,readonly:\&quot;readOnly\&quot;},U=\&quot;allowfullscreen allowpaymentrequest allowusermedia async autofocus autoplay checked compact complete controls declare default defaultchecked defaultselected defer disabled ended formnovalidate hidden indeterminate iscontenteditable ismap itemscope loop multiple muted nohref nomodule noresize noshade novalidate nowrap open paused playsinline pubdate readonly required reversed scoped seamless seeking selected truespeed typemustmatch willvalidate\&quot;.split(\&quot; \&quot;);function V(a,b){var e=null,c=b.toLowerCase();if(\&quot;style\&quot;==c)return(e=a.style)&amp;&amp;!f(e)&amp;&amp;(e=e.cssText),e;if((\&quot;selected\&quot;==c||\&quot;checked\&quot;==c)&amp;&amp;T(a)){if(!T(a))throw new h(15,\&quot;Element is not selectable\&quot;);b=\&quot;selected\&quot;;e=a.type&amp;&amp;a.type.toLowerCase();if(\&quot;checkbox\&quot;==e||\&quot;radio\&quot;==e)b=\&quot;checked\&quot;;return S(a,b)?\&quot;true\&quot;:null}var g=R(a,\&quot;A\&quot;);if(R(a,\&quot;IMG\&quot;)&amp;&amp;\&quot;src\&quot;==c||g&amp;&amp;\&quot;href\&quot;==c)return(e=Q(a,c))&amp;&amp;(e=S(a,c)),e;if(\&quot;spellcheck\&quot;==c){e=Q(a,c);if(null!==e){if(\&quot;false\&quot;==e.toLowerCase())return\&quot;false\&quot;;if(\&quot;true\&quot;==e.toLowerCase())return\&quot;true\&quot;}return S(a,\nc)+\&quot;\&quot;}g=ja[b]||b;a:if(f(U))c=f(c)&amp;&amp;1==c.length?U.indexOf(c,0):-1;else{for(var u=0;u&lt;U.length;u++)if(u in U&amp;&amp;U[u]===c){c=u;break a}c=-1}if(0&lt;=c)return(e=null!==Q(a,b)||S(a,g))?\&quot;true\&quot;:null;try{var k=S(a,g)}catch(ka){}(c=null==k)||(c=typeof k,c=\&quot;object\&quot;==c&amp;&amp;null!=k||\&quot;function\&quot;==c);c?e=Q(a,b):e=k;return null!=e?e.toString():null}var W=[\&quot;_\&quot;],X=d;W[0]in X||!X.execScript||X.execScript(\&quot;var \&quot;+W[0]);\nfor(var Y;W.length&amp;&amp;(Y=W.shift());){var Z;if(Z=!W.length)Z=void 0!==V;Z?X[Y]=V:X[Y]&amp;&amp;X[Y]!==Object.prototype[Y]?X=X[Y]:X=X[Y]={}};; return this._.apply(null,arguments);}.apply({navigator:typeof window!='undefined'?window.navigator:null,document:typeof window!='undefined'?window.document:null}, arguments);}\n).apply(null, arguments);&quot;, &quot;args&quot;: [{&quot;ELEMENT&quot;: &quot;bc907a05-c8af-49c5-b923-98931310afc8&quot;, &quot;element-6066-11e4-a52e-4f735466cecf&quot;: &quot;bc907a05-c8af-49c5-b923-98931310afc8&quot;}, &quot;src&quot;]}&#10;urllib3.connectionpool: DEBUG: http://127.0.0.1:49955 &quot;POST /session/d1ee40d42cd075a2df52a0554c0c2f58/execute/sync HTTP/1.1&quot; 200 161&#10;selenium.webdriver.remote.remote_connection: DEBUG: Finished Request&#10;selenium.webdriver.remote.remote_connection: DEBUG: POST http://127.0.0.1:49955/session/d1ee40d42cd075a2df52a0554c0c2f58/execute/sync {&quot;script&quot;: &quot;return (function(){return function(){var d=this;function f(a){return\&quot;string\&quot;==typeof a};function h(a,b){this.code=a;this.a=l[a]||m;this.message=b||\&quot;\&quot;;a=this.a.replace(/((?:^|\\s+)[a-z])/g,function(a){return a.toUpperCase().replace(/^[\\s\\xa0]+/g,\&quot;\&quot;)});b=a.length-5;if(0&gt;b||a.indexOf(\&quot;Error\&quot;,b)!=b)a+=\&quot;Error\&quot;;this.name=a;a=Error(this.message);a.name=this.name;this.stack=a.stack||\&quot;\&quot;}\n(function(){var a=Error;function b(){}b.prototype=a.prototype;h.b=a.prototype;h.prototype=new b;h.prototype.constructor=h;h.a=function(b,c,g){for(var e=Array(arguments.length-2),k=2;k&lt;arguments.length;k++)e[k-2]=arguments[k];return a.prototype[c].apply(b,e)}})();var m=\&quot;unknown error\&quot;,l={15:\&quot;element not selectable\&quot;,11:\&quot;element not visible\&quot;};l[31]=m;l[30]=m;l[24]=\&quot;invalid cookie domain\&quot;;l[29]=\&quot;invalid element coordinates\&quot;;l[12]=\&quot;invalid element state\&quot;;l[32]=\&quot;invalid selector\&quot;;l[51]=\&quot;invalid selector\&quot;;\nl[52]=\&quot;invalid selector\&quot;;l[17]=\&quot;javascript error\&quot;;l[405]=\&quot;unsupported operation\&quot;;l[34]=\&quot;move target out of bounds\&quot;;l[27]=\&quot;no such alert\&quot;;l[7]=\&quot;no such element\&quot;;l[8]=\&quot;no such frame\&quot;;l[23]=\&quot;no such window\&quot;;l[28]=\&quot;script timeout\&quot;;l[33]=\&quot;session not created\&quot;;l[10]=\&quot;stale element reference\&quot;;l[21]=\&quot;timeout\&quot;;l[25]=\&quot;unable to set cookie\&quot;;l[26]=\&quot;unexpected alert open\&quot;;l[13]=m;l[9]=\&quot;unknown command\&quot;;h.prototype.toString=function(){return this.name+\&quot;: \&quot;+this.message};var n;a:{var p=d.navigator;if(p){var q=p.userAgent;if(q){n=q;break a}}n=\&quot;\&quot;}function r(a){return-1!=n.indexOf(a)};function t(a,b){for(var e=a.length,c=f(a)?a.split(\&quot;\&quot;):a,g=0;g&lt;e;g++)g in c&amp;&amp;b.call(void 0,c[g],g,a)};function v(){return r(\&quot;iPhone\&quot;)&amp;&amp;!r(\&quot;iPod\&quot;)&amp;&amp;!r(\&quot;iPad\&quot;)};function w(){return(r(\&quot;Chrome\&quot;)||r(\&quot;CriOS\&quot;))&amp;&amp;!r(\&quot;Edge\&quot;)};var x=r(\&quot;Opera\&quot;),y=r(\&quot;Trident\&quot;)||r(\&quot;MSIE\&quot;),z=r(\&quot;Edge\&quot;),A=r(\&quot;Gecko\&quot;)&amp;&amp;!(-1!=n.toLowerCase().indexOf(\&quot;webkit\&quot;)&amp;&amp;!r(\&quot;Edge\&quot;))&amp;&amp;!(r(\&quot;Trident\&quot;)||r(\&quot;MSIE\&quot;))&amp;&amp;!r(\&quot;Edge\&quot;),aa=-1!=n.toLowerCase().indexOf(\&quot;webkit\&quot;)&amp;&amp;!r(\&quot;Edge\&quot;);function B(){var a=d.document;return a?a.documentMode:void 0}var C;\na:{var D=\&quot;\&quot;,E=function(){var a=n;if(A)return/rv\\:([^\\);]+)(\\)|;)/.exec(a);if(z)return/Edge\\/([\\d\\.]+)/.exec(a);if(y)return/\\b(?:MSIE|rv)[: ]([^\\);]+)(\\)|;)/.exec(a);if(aa)return/WebKit\\/(\\S+)/.exec(a);if(x)return/(?:Version)[ \\/]?(\\S+)/.exec(a)}();E&amp;&amp;(D=E?E[1]:\&quot;\&quot;);if(y){var F=B();if(null!=F&amp;&amp;F&gt;parseFloat(D)){C=String(F);break a}}C=D}var G;var H=d.document;G=H&amp;&amp;y?B()||(\&quot;CSS1Compat\&quot;==H.compatMode?parseInt(C,10):5):void 0;var ba=r(\&quot;Firefox\&quot;),ca=v()||r(\&quot;iPod\&quot;),da=r(\&quot;iPad\&quot;),I=r(\&quot;Android\&quot;)&amp;&amp;!(w()||r(\&quot;Firefox\&quot;)||r(\&quot;Opera\&quot;)||r(\&quot;Silk\&quot;)),ea=w(),J=r(\&quot;Safari\&quot;)&amp;&amp;!(w()||r(\&quot;Coast\&quot;)||r(\&quot;Opera\&quot;)||r(\&quot;Edge\&quot;)||r(\&quot;Silk\&quot;)||r(\&quot;Android\&quot;))&amp;&amp;!(v()||r(\&quot;iPad\&quot;)||r(\&quot;iPod\&quot;));function K(a){return(a=a.exec(n))?a[1]:\&quot;\&quot;}(function(){if(ba)return K(/Firefox\\/([0-9.]+)/);if(y||z||x)return C;if(ea)return v()||r(\&quot;iPad\&quot;)||r(\&quot;iPod\&quot;)?K(/CriOS\\/([0-9.]+)/):K(/Chrome\\/([0-9.]+)/);if(J&amp;&amp;!(v()||r(\&quot;iPad\&quot;)||r(\&quot;iPod\&quot;)))return K(/Version\\/([0-9.]+)/);if(ca||da){var a=/Version\\/(\\S+).*Mobile\\/(\\S+)/.exec(n);if(a)return a[1]+\&quot;.\&quot;+a[2]}else if(I)return(a=K(/Android\\s+([0-9.]+)/))?a:K(/Version\\/([0-9.]+)/);return\&quot;\&quot;})();var L,M=function(){if(!A)return!1;var a=d.Components;if(!a)return!1;try{if(!a.classes)return!1}catch(g){return!1}var b=a.classes,a=a.interfaces,e=b[\&quot;@mozilla.org/xpcom/version-comparator;1\&quot;].getService(a.nsIVersionComparator),c=b[\&quot;@mozilla.org/xre/app-info;1\&quot;].getService(a.nsIXULAppInfo).version;L=function(a){e.compare(c,\&quot;\&quot;+a)};return!0}(),N=y&amp;&amp;!(8&lt;=Number(G)),fa=y&amp;&amp;!(9&lt;=Number(G));I&amp;&amp;M&amp;&amp;L(2.3);I&amp;&amp;M&amp;&amp;L(4);J&amp;&amp;M&amp;&amp;L(6);var ga={SCRIPT:1,STYLE:1,HEAD:1,IFRAME:1,OBJECT:1},O={IMG:\&quot; \&quot;,BR:\&quot;\\n\&quot;};function P(a,b,e){if(!(a.nodeName in ga))if(3==a.nodeType)e?b.push(String(a.nodeValue).replace(/(\\r\\n|\\r|\\n)/g,\&quot;\&quot;)):b.push(a.nodeValue);else if(a.nodeName in O)b.push(O[a.nodeName]);else for(a=a.firstChild;a;)P(a,b,e),a=a.nextSibling};function Q(a,b){b=b.toLowerCase();return\&quot;style\&quot;==b?ha(a.style.cssText):N&amp;&amp;\&quot;value\&quot;==b&amp;&amp;R(a,\&quot;INPUT\&quot;)?a.value:fa&amp;&amp;!0===a[b]?String(a.getAttribute(b)):(a=a.getAttributeNode(b))&amp;&amp;a.specified?a.value:null}var ia=/[;]+(?=(?:(?:[^\&quot;]*\&quot;){2})*[^\&quot;]*$)(?=(?:(?:[^']*'){2})*[^']*$)(?=(?:[^()]*\\([^()]*\\))*[^()]*$)/;\nfunction ha(a){var b=[];t(a.split(ia),function(a){var c=a.indexOf(\&quot;:\&quot;);0&lt;c&amp;&amp;(a=[a.slice(0,c),a.slice(c+1)],2==a.length&amp;&amp;b.push(a[0].toLowerCase(),\&quot;:\&quot;,a[1],\&quot;;\&quot;))});b=b.join(\&quot;\&quot;);return b=\&quot;;\&quot;==b.charAt(b.length-1)?b:b+\&quot;;\&quot;}function S(a,b){N&amp;&amp;\&quot;value\&quot;==b&amp;&amp;R(a,\&quot;OPTION\&quot;)&amp;&amp;null===Q(a,\&quot;value\&quot;)?(b=[],P(a,b,!1),a=b.join(\&quot;\&quot;)):a=a[b];return a}function R(a,b){b&amp;&amp;\&quot;string\&quot;!==typeof b&amp;&amp;(b=b.toString());return!!a&amp;&amp;1==a.nodeType&amp;&amp;(!b||a.tagName.toUpperCase()==b)}\nfunction T(a){return R(a,\&quot;OPTION\&quot;)?!0:R(a,\&quot;INPUT\&quot;)?(a=a.type.toLowerCase(),\&quot;checkbox\&quot;==a||\&quot;radio\&quot;==a):!1};var ja={\&quot;class\&quot;:\&quot;className\&quot;,readonly:\&quot;readOnly\&quot;},U=\&quot;allowfullscreen allowpaymentrequest allowusermedia async autofocus autoplay checked compact complete controls declare default defaultchecked defaultselected defer disabled ended formnovalidate hidden indeterminate iscontenteditable ismap itemscope loop multiple muted nohref nomodule noresize noshade novalidate nowrap open paused playsinline pubdate readonly required reversed scoped seamless seeking selected truespeed typemustmatch willvalidate\&quot;.split(\&quot; \&quot;);function V(a,b){var e=null,c=b.toLowerCase();if(\&quot;style\&quot;==c)return(e=a.style)&amp;&amp;!f(e)&amp;&amp;(e=e.cssText),e;if((\&quot;selected\&quot;==c||\&quot;checked\&quot;==c)&amp;&amp;T(a)){if(!T(a))throw new h(15,\&quot;Element is not selectable\&quot;);b=\&quot;selected\&quot;;e=a.type&amp;&amp;a.type.toLowerCase();if(\&quot;checkbox\&quot;==e||\&quot;radio\&quot;==e)b=\&quot;checked\&quot;;return S(a,b)?\&quot;true\&quot;:null}var g=R(a,\&quot;A\&quot;);if(R(a,\&quot;IMG\&quot;)&amp;&amp;\&quot;src\&quot;==c||g&amp;&amp;\&quot;href\&quot;==c)return(e=Q(a,c))&amp;&amp;(e=S(a,c)),e;if(\&quot;spellcheck\&quot;==c){e=Q(a,c);if(null!==e){if(\&quot;false\&quot;==e.toLowerCase())return\&quot;false\&quot;;if(\&quot;true\&quot;==e.toLowerCase())return\&quot;true\&quot;}return S(a,\nc)+\&quot;\&quot;}g=ja[b]||b;a:if(f(U))c=f(c)&amp;&amp;1==c.length?U.indexOf(c,0):-1;else{for(var u=0;u&lt;U.length;u++)if(u in U&amp;&amp;U[u]===c){c=u;break a}c=-1}if(0&lt;=c)return(e=null!==Q(a,b)||S(a,g))?\&quot;true\&quot;:null;try{var k=S(a,g)}catch(ka){}(c=null==k)||(c=typeof k,c=\&quot;object\&quot;==c&amp;&amp;null!=k||\&quot;function\&quot;==c);c?e=Q(a,b):e=k;return null!=e?e.toString():null}var W=[\&qu
[...]
urllib3.connectionpool: DEBUG: http://127.0.0.1:49955 "POST /session/d1ee40d42cd075a2df52a0554c0c2f58/execute/sync HTTP/1.1" 200 161
selenium.webdriver.remote.remote_connection: DEBUG: Finished Request
selenium.webdriver.remote.remote_connection: DEBUG: POST http://127.0.0.1:49955/session/d1ee40d42cd075a2df52a0554c0c2f58/execute/sync {"script": "return (function(){return function(){var d=this;function f(a){return\"string\"==typeof a};function h(a,b){this.code=a;this.a=l[a]||m;this.message=b||\"\";a=this.a.replace(/((?:^|\\s+)[a-z])/g,function(a){return a.toUpperCase().replace(/^[\\s\\xa0]+/g,\"\")});b=a.length-5;if(0>b||a.indexOf(\"Error\",b)!=b)a+=\"Error\";this.name=a;a=Error(this.message);a.name=this.name;this.stack=a.stack||\"\"}\n(function(){var a=Error;function b(){}b.prototype=a.prototype;h.b=a.prototype;h.prototype=new b;h.prototype.constructor=h;h.a=function(b,c,g){for(var e=Array(arguments.length-2),k=2;k<arguments.length;k++)e[k-2]=arguments[k];return a.prototype[c].apply(b,e)}})();var m=\"unknown error\",l={15:\"element not selectable\",11:\"element not visible\"};l[31]=m;l[30]=m;l[24]=\"invalid cookie domain\";l[29]=\"invalid element coordinates\";l[12]=\"invalid element state\";l[32]=\"invalid selector\";l[51]=\"invalid selector\";\nl[52]=\"invalid selector\";l[17]=\"javascript error\";l[405]=\"unsupported operation\";l[34]=\"move target out of bounds\";l[27]=\"no such alert\";l[7]=\"no such element\";l[8]=\"no such frame\";l[23]=\"no such window\";l[28]=\"script timeout\";l[33]=\"session not created\";l[10]=\"stale element reference\";l[21]=\"timeout\";l[25]=\"unable to set cookie\";l[26]=\"unexpected alert open\";l[13]=m;l[9]=\"unknown command\";h.prototype.toString=function(){return this.name+\": \"+this.message};var n;a:{var p=d.navigator;if(p){var q=p.userAgent;if(q){n=q;break a}}n=\"\"}function r(a){return-1!=n.indexOf(a)};function t(a,b){for(var e=a.length,c=f(a)?a.split(\"\"):a,g=0;g<e;g++)g in c&&b.call(void 0,c[g],g,a)};function v(){return r(\"iPhone\")&&!r(\"iPod\")&&!r(\"iPad\")};function w(){return(r(\"Chrome\")||r(\"CriOS\"))&&!r(\"Edge\")};var x=r(\"Opera\"),y=r(\"Trident\")||r(\"MSIE\"),z=r(\"Edge\"),A=r(\"Gecko\")&&!(-1!=n.toLowerCase().indexOf(\"webkit\")&&!r(\"Edge\"))&&!(r(\"Trident\")||r(\"MSIE\"))&&!r(\"Edge\"),aa=-1!=n.toLowerCase().indexOf(\"webkit\")&&!r(\"Edge\");function B(){var a=d.document;return a?a.documentMode:void 0}var C;\na:{var D=\"\",E=function(){var a=n;if(A)return/rv\\:([^\\);]+)(\\)|;)/.exec(a);if(z)return/Edge\\/([\\d\\.]+)/.exec(a);if(y)return/\\b(?:MSIE|rv)[: ]([^\\);]+)(\\)|;)/.exec(a);if(aa)return/WebKit\\/(\\S+)/.exec(a);if(x)return/(?:Version)[ \\/]?(\\S+)/.exec(a)}();E&&(D=E?E[1]:\"\");if(y){var F=B();if(null!=F&&F>parseFloat(D)){C=String(F);break a}}C=D}var G;var H=d.document;G=H&&y?B()||(\"CSS1Compat\"==H.compatMode?parseInt(C,10):5):void 0;var ba=r(\"Firefox\"),ca=v()||r(\"iPod\"),da=r(\"iPad\"),I=r(\"Android\")&&!(w()||r(\"Firefox\")||r(\"Opera\")||r(\"Silk\")),ea=w(),J=r(\"Safari\")&&!(w()||r(\"Coast\")||r(\"Opera\")||r(\"Edge\")||r(\"Silk\")||r(\"Android\"))&&!(v()||r(\"iPad\")||r(\"iPod\"));function K(a){return(a=a.exec(n))?a[1]:\"\"}(function(){if(ba)return K(/Firefox\\/([0-9.]+)/);if(y||z||x)return C;if(ea)return v()||r(\"iPad\")||r(\"iPod\")?K(/CriOS\\/([0-9.]+)/):K(/Chrome\\/([0-9.]+)/);if(J&&!(v()||r(\"iPad\")||r(\"iPod\")))return K(/Version\\/([0-9.]+)/);if(ca||da){var a=/Version\\/(\\S+).*Mobile\\/(\\S+)/.exec(n);if(a)return a[1]+\".\"+a[2]}else if(I)return(a=K(/Android\\s+([0-9.]+)/))?a:K(/Version\\/([0-9.]+)/);return\"\"})();var L,M=function(){if(!A)return!1;var a=d.Components;if(!a)return!1;try{if(!a.classes)return!1}catch(g){return!1}var b=a.classes,a=a.interfaces,e=b[\"@mozilla.org/xpcom/version-comparator;1\"].getService(a.nsIVersionComparator),c=b[\"@mozilla.org/xre/app-info;1\"].getService(a.nsIXULAppInfo).version;L=function(a){e.compare(c,\"\"+a)};return!0}(),N=y&&!(8<=Number(G)),fa=y&&!(9<=Number(G));I&&M&&L(2.3);I&&M&&L(4);J&&M&&L(6);var ga={SCRIPT:1,STYLE:1,HEAD:1,IFRAME:1,OBJECT:1},O={IMG:\" \",BR:\"\\n\"};function P(a,b,e){if(!(a.nodeName in ga))if(3==a.nodeType)e?b.push(String(a.nodeValue).replace(/(\\r\\n|\\r|\\n)/g,\"\")):b.push(a.nodeValue);else if(a.nodeName in O)b.push(O[a.nodeName]);else for(a=a.firstChild;a;)P(a,b,e),a=a.nextSibling};function Q(a,b){b=b.toLowerCase();return\"style\"==b?ha(a.style.cssText):N&&\"value\"==b&&R(a,\"INPUT\")?a.value:fa&&!0===a[b]?String(a.getAttribute(b)):(a=a.getAttributeNode(b))&&a.specified?a.value:null}var ia=/[;]+(?=(?:(?:[^\"]*\"){2})*[^\"]*$)(?=(?:(?:[^']*'){2})*[^']*$)(?=(?:[^()]*\\([^()]*\\))*[^()]*$)/;\nfunction ha(a){var b=[];t(a.split(ia),function(a){var c=a.indexOf(\":\");0<c&&(a=[a.slice(0,c),a.slice(c+1)],2==a.length&&b.push(a[0].toLowerCase(),\":\",a[1],\";\"))});b=b.join(\"\");return b=\";\"==b.charAt(b.length-1)?b:b+\";\"}function S(a,b){N&&\"value\"==b&&R(a,\"OPTION\")&&null===Q(a,\"value\")?(b=[],P(a,b,!1),a=b.join(\"\")):a=a[b];return a}function R(a,b){b&&\"string\"!==typeof b&&(b=b.toString());return!!a&&1==a.nodeType&&(!b||a.tagName.toUpperCase()==b)}\nfunction T(a){return R(a,\"OPTION\")?!0:R(a,\"INPUT\")?(a=a.type.toLowerCase(),\"checkbox\"==a||\"radio\"==a):!1};var ja={\"class\":\"className\",readonly:\"readOnly\"},U=\"allowfullscreen allowpaymentrequest allowusermedia async autofocus autoplay checked compact complete controls declare default defaultchecked defaultselected defer disabled ended formnovalidate hidden indeterminate iscontenteditable ismap itemscope loop multiple muted nohref nomodule noresize noshade novalidate nowrap open paused playsinline pubdate readonly required reversed scoped seamless seeking selected truespeed typemustmatch willvalidate\".split(\" \");function V(a,b){var e=null,c=b.toLowerCase();if(\"style\"==c)return(e=a.style)&&!f(e)&&(e=e.cssText),e;if((\"selected\"==c||\"checked\"==c)&&T(a)){if(!T(a))throw new h(15,\"Element is not selectable\");b=\"selected\";e=a.type&&a.type.toLowerCase();if(\"checkbox\"==e||\"radio\"==e)b=\"checked\";return S(a,b)?\"true\":null}var g=R(a,\"A\");if(R(a,\"IMG\")&&\"src\"==c||g&&\"href\"==c)return(e=Q(a,c))&&(e=S(a,c)),e;if(\"spellcheck\"==c){e=Q(a,c);if(null!==e){if(\"false\"==e.toLowerCase())return\"false\";if(\"true\"==e.toLowerCase())return\"true\"}return S(a,\nc)+\"\"}g=ja[b]||b;a:if(f(U))c=f(c)&&1==c.length?U.indexOf(c,0):-1;else{for(var u=0;u<U.length;u++)if(u in U&&U[u]===c){c=u;break a}c=-1}if(0<=c)return(e=null!==Q(a,b)||S(a,g))?\"true\":null;try{var k=S(a,g)}catch(ka){}(c=null==k)||(c=typeof k,c=\"object\"==c&&null!=k||\"function\"==c);c?e=Q(a,b):e=k;return null!=e?e.toString():null}var W=[\"_\"],X=d;W[0]in X||!X.execScript||X.execScript(\"var \"+W[0]);\nfor(var Y;W.length&&(Y=W.shift());){var Z;if(Z=!W.length)Z=void 0!==V;Z?X[Y]=V:X[Y]&&X[Y]!==Object.prototype[Y]?X=X[Y]:X=X[Y]={}};; return this._.apply(null,arguments);}.apply({navigator:typeof window!='undefined'?window.navigator:null,document:typeof window!='undefined'?window.document:null}, arguments);}\n).apply(null, arguments);", "args": [{"ELEMENT": "f3cd28dd-beea-4f5f-b119-ab402db58f69", "element-6066-11e4-a52e-4f735466cecf": "f3cd28dd-beea-4f5f-b119-ab402db58f69"}, "src"]}
urllib3.connectionpool: DEBUG: http://127.0.0.1:49955 "POST /session/d1ee40d42cd075a2df52a0554c0c2f58/execute/sync HTTP/1.1" 200 161
selenium.webdriver.remote.remote_connection: DEBUG: Finished Request
selenium.webdriver.remote.remote_connection: DEBUG: POST http://127.0.0.1:49955/session/d1ee40d42cd075a2df52a0554c0c2f58/execute/sync {"script": "return (function(){return function(){var d=this;function f(a){return\"string\"==typeof a};function h(a,b){this.code=a;this.a=l[a]||m;this.message=b||\"\";a=this.a.replace(/((?:^|\\s+)[a-z])/g,function(a){return a.toUpperCase().replace(/^[\\s\\xa0]+/g,\"\")});b=a.length-5;if(0>b||a.indexOf(\"Error\",b)!=b)a+=\"Error\";this.name=a;a=Error(this.message);a.name=this.name;this.stack=a.stack||\"\"}\n(function(){var a=Error;function b(){}b.prototype=a.prototype;h.b=a.prototype;h.prototype=new b;h.prototype.constructor=h;h.a=function(b,c,g){for(var e=Array(arguments.length-2),k=2;k<arguments.length;k++)e[k-2]=arguments[k];return a.prototype[c].apply(b,e)}})();var m=\"unknown error\",l={15:\"element not selectable\",11:\"element not visible\"};l[31]=m;l[30]=m;l[24]=\"invalid cookie domain\";l[29]=\"invalid element coordinates\";l[12]=\"invalid element state\";l[32]=\"invalid selector\";l[51]=\"invalid selector\";\nl[52]=\"invalid selector\";l[17]=\"javascript error\";l[405]=\"unsupported operation\";l[34]=\"move target out of bounds\";l[27]=\"no such alert\";l[7]=\"no such element\";l[8]=\"no such frame\";l[23]=\"no such window\";l[28]=\"script timeout\";l[33]=\"session not created\";l[10]=\"stale element reference\";l[21]=\"timeout\";l[25]=\"unable to set cookie\";l[26]=\"unexpected alert open\";l[13]=m;l[9]=\"unknown command\";h.prototype.toString=function(){return this.name+\": \"+this.message};var n;a:{var p=d.navigator;if(p){var q=p.userAgent;if(q){n=q;break a}}n=\"\"}function r(a){return-1!=n.indexOf(a)};function t(a,b){for(var e=a.length,c=f(a)?a.split(\"\"):a,g=0;g<e;g++)g in c&&b.call(void 0,c[g],g,a)};function v(){return r(\"iPhone\")&&!r(\"iPod\")&&!r(\"iPad\")};function w(){return(r(\"Chrome\")||r(\"CriOS\"))&&!r(\"Edge\")};var x=r(\"Opera\"),y=r(\"Trident\")||r(\"MSIE\"),z=r(\"Edge\"),A=r(\"Gecko\")&&!(-1!=n.toLowerCase().indexOf(\"webkit\")&&!r(\"Edge\"))&&!(r(\"Trident\")||r(\"MSIE\"))&&!r(\"Edge\"),aa=-1!=n.toLowerCase().indexOf(\"webkit\")&&!r(\"Edge\");function B(){var a=d.document;return a?a.documentMode:void 0}var C;\na:{var D=\"\",E=function(){var a=n;if(A)return/rv\\:([^\\);]+)(\\)|;)/.exec(a);if(z)return/Edge\\/([\\d\\.]+)/.exec(a);if(y)return/\\b(?:MSIE|rv)[: ]([^\\);]+)(\\)|;)/.exec(a);if(aa)return/WebKit\\/(\\S+)/.exec(a);if(x)return/(?:Version)[ \\/]?(\\S+)/.exec(a)}();E&&(D=E?E[1]:\"\");if(y){var F=B();if(null!=F&&F>parseFloat(D)){C=String(F);break a}}C=D}var G;var H=d.document;G=H&&y?B()||(\"CSS1Compat\"==H.compatMode?parseInt(C,10):5):void 0;var ba=r(\"Firefox\"),ca=v()||r(\"iPod\"),da=r(\"iPad\"),I=r(\"Android\")&&!(w()||r(\"Firefox\")||r(\"Opera\")||r(\"Silk\")),ea=w(),J=r(\"Safari\")&&!(w()||r(\"Coast\")||r(\"Opera\")||r(\"Edge\")||r(\"Silk\")||r(\"Android\"))&&!(v()||r(\"iPad\")||r(\"iPod\"));function K(a){return(a=a.exec(n))?a[1]:\"\"}(function(){if(ba)return K(/Firefox\\/([0-9.]+)/);if(y||z||x)return C;if(ea)return v()||r(\"iPad\")||r(\"iPod\")?K(/CriOS\\/([0-9.]+)/):K(/Chrome\\/([0-9.]+)/);if(J&&!(v()||r(\"iPad\")||r(\"iPod\")))return K(/Version\\/([0-9.]+)/);if(ca||da){var a=/Version\\/(\\S+).*Mobile\\/(\\S+)/.exec(n);if(a)return a[1]+\".\"+a[2]}else if(I)return(a=K(/Android\\s+([0-9.]+)/))?a:K(/Version\\/([0-9.]+)/);return\"\"})();var L,M=function(){if(!A)return!1;var a=d.Components;if(!a)return!1;try{if(!a.classes)return!1}catch(g){return!1}var b=a.classes,a=a.interfaces,e=b[\"@mozilla.org/xpcom/version-comparator;1\"].getService(a.nsIVersionComparator),c=b[\"@mozilla.org/xre/app-info;1\"].getService(a.nsIXULAppInfo).version;L=function(a){e.compare(c,\"\"+a)};return!0}(),N=y&&!(8<=Number(G)),fa=y&&!(9<=Number(G));I&&M&&L(2.3);I&&M&&L(4);J&&M&&L(6);var ga={SCRIPT:1,STYLE:1,HEAD:1,IFRAME:1,OBJECT:1},O={IMG:\" \",BR:\"\\n\"};function P(a,b,e){if(!(a.nodeName in ga))if(3==a.nodeType)e?b.push(String(a.nodeValue).replace(/(\\r\\n|\\r|\\n)/g,\"\")):b.push(a.nodeValue);else if(a.nodeName in O)b.push(O[a.nodeName]);else for(a=a.firstChild;a;)P(a,b,e),a=a.nextSibling};function Q(a,b){b=b.toLowerCase();return\"style\"==b?ha(a.style.cssText):N&&\"value\"==b&&R(a,\"INPUT\")?a.value:fa&&!0===a[b]?String(a.getAttribute(b)):(a=a.getAttributeNode(b))&&a.specified?a.value:null}var ia=/[;]+(?=(?:(?:[^\"]*\"){2})*[^\"]*$)(?=(?:(?:[^']*'){2})*[^']*$)(?=(?:[^()]*\\([^()]*\\))*[^()]*$)/;\nfunction ha(a){var b=[];t(a.split(ia),function(a){var c=a.indexOf(\":\");0<c&&(a=[a.slice(0,c),a.slice(c+1)],2==a.length&&b.push(a[0].toLowerCase(),\":\",a[1],\";\"))});b=b.join(\"\");return b=\";\"==b.charAt(b.length-1)?b:b+\";\"}function S(a,b){N&&\"value\"==b&&R(a,\"OPTION\")&&null===Q(a,\"value\")?(b=[],P(a,b,!1),a=b.join(\"\")):a=a[b];return a}function R(a,b){b&&\"string\"!==typeof b&&(b=b.toString());return!!a&&1==a.nodeType&&(!b||a.tagName.toUpperCase()==b)}\nfunction T(a){return R(a,\"OPTION\")?!0:R(a,\"INPUT\")?(a=a.type.toLowerCase(),\"checkbox\"==a||\"radio\"==a):!1};var ja={\"class\":\"className\",readonly:\"readOnly\"},U=\"allowfullscreen allowpaymentrequest allowusermedia async autofocus autoplay checked compact complete controls declare default defaultchecked defaultselected defer disabled ended formnovalidate hidden indeterminate iscontenteditable ismap itemscope loop multiple muted nohref nomodule noresize noshade novalidate nowrap open paused playsinline pubdate readonly required reversed scoped seamless seeking selected truespeed typemustmatch willvalidate\".split(\" \");function V(a,b){var e=null,c=b.toLowerCase();if(\"style\"==c)return(e=a.style)&&!f(e)&&(e=e.cssText),e;if((\"selected\"==c||\"checked\"==c)&&T(a)){if(!T(a))throw new h(15,\"Element is not selectable\");b=\"selected\";e=a.type&&a.type.toLowerCase();if(\"checkbox\"==e||\"radio\"==e)b=\"checked\";return S(a,b)?\"true\":null}var g=R(a,\"A\");if(R(a,\"IMG\")&&\"src\"==c||g&&\"href\"==c)return(e=Q(a,c))&&(e=S(a,c)),e;if(\"spellcheck\"==c){e=Q(a,c);if(null!==e){if(\"false\"==e.toLowerCase())return\"false\";if(\"true\"==e.toLowerCase())return\"true\"}return S(a,\nc)+\"\"}g=ja[b]||b;a:if(f(U))c=f(c)&&1==c.length?U.indexOf(c,0):-1;else{for(var u=0;u<U.length;u++)if(u in U&&U[u]===c){c=u;break a}c=-1}if(0<=c)return(e=null!==Q(a,b)||S(a,g))?\"true\":null;try{var k=S(a,g)}catch(ka){}(c=null==k)||(c=typeof k,c=\"object\"==c&&null!=k||\"function\"==c);c?e=Q(a,b):e=k;return null!=e?e.toString():null}var W=[\"_\"],X=d;W[0]in X||!X.execScript||X.execScript(\"var \"+W[0]);\nfor(var Y;W.length&&(Y=W.shift());){var Z;if(Z=!W.length)Z=void 0!==V;Z?X[Y]=V:X[Y]&&X[Y]!==Object.prototype[Y]?X=X[Y]:X=X[Y]={}};; return this._.apply(null,arguments);}.apply({navigator:typeof window!='undefined'?window.navigator:null,document:typeof window!='undefined'?window.document:null}, arguments);}\n).apply(null, arguments);", "args": [{"ELEMENT": "ec8ab8d9-c0ae-4f56-b4db-c2537e0625e1", "element-6066-11e4-a52e-4f735466cecf": "ec8ab8d9-c0ae-4f56-b4db-c2537e0625e1"}, "src"]}
urllib3.connectionpool: DEBUG: http://127.0.0.1:49955 "POST /session/d1ee40d42cd075a2df52a0554c0c2f58/execute/sync HTTP/1.1" 200 161
selenium.webdriver.remote.remote_connection: DEBUG: Finished Request
selenium.webdriver.remote.remote_connection: DEBUG: POST http://127.0.0.1:49955/session/d1ee40d42cd075a2df52a0554c0c2f58/elements {"using": "css selector", "value": "[id=\"switch\"]"}
urllib3.connectionpool: DEBUG: http://127.0.0.1:49955 "POST /session/d1ee40d42cd075a2df52a0554c0c2f58/elements HTTP/1.1" 200 90
selenium.webdriver.remote.remote_connection: DEBUG: Finished Request
selenium.webdriver.remote.remote_connection: DEBUG: POST http://127.0.0.1:49955/session/d1ee40d42cd075a2df52a0554c0c2f58/element/029c6ddd-9c7f-466c-b9f5-f69d9a049ea1/click {"id": "029c6ddd-9c7f-466c-b9f5-f69d9a049ea1"}
urllib3.connectionpool: DEBUG: http://127.0.0.1:49955 "POST /session/d1ee40d42cd075a2df52a0554c0c2f58/element/029c6ddd-9c7f-466c-b9f5-f69d9a049ea1/click HTTP/1.1" 200 14
selenium.webdriver.remote.remote_connection: DEBUG: Finished Request
selenium.webdriver.remote.remote_connection: DEBUG: POST http://127.0.0.1:49955/session/d1ee40d42cd075a2df52a0554c0c2f58/elements {"using": "xpath", "value": "//div[@class='temp']/span"}
urllib3.connectionpool: DEBUG: http://127.0.0.1:49955 "POST /session/d1ee40d42cd075a2df52a0554c0c2f58/elements HTTP/1.1" 200 90
selenium.webdriver.remote.remote_connection: DEBUG: Finished Request
selenium.webdriver.remote.remote_connection: DEBUG: GET http://127.0.0.1:49955/session/d1ee40d42cd075a2df52a0554c0c2f58/element/7a7d4810-7f72-478b-b3c4-7dbbc3c63ecc/text {"id": "7a7d4810-7f72-478b-b3c4-7dbbc3c63ecc"}
urllib3.connectionpool: DEBUG: http://127.0.0.1:49955 "GET /session/d1ee40d42cd075a2df52a0554c0c2f58/element/7a7d4810-7f72-478b-b3c4-7dbbc3c63ecc/text HTTP/1.1" 200 14
selenium.webdriver.remote.remote_connection: DEBUG: Finished Request
selenium.webdriver.remote.remote_connection: DEBUG: POST http://127.0.0.1:49955/session/d1ee40d42cd075a2df52a0554c0c2f58/elements {"using": "xpath", "value": "//div[@class='temp']/small"}
urllib3.connectionpool: DEBUG: http://127.0.0.1:49955 "POST /session/d1ee40d42cd075a2df52a0554c0c2f58/elements HTTP/1.1" 200 90
selenium.webdriver.remote.remote_connection: DEBUG: Finished Request
selenium.webdriver.remote.remote_connection: DEBUG: GET http://127.0.0.1:49955/session/d1ee40d42cd075a2df52a0554c0c2f58/element/6bcbc521-f74e-4abc-bd8d-9bd7fdbaf8d0/text {"id": "6bcbc521-f74e-4abc-bd8d-9bd7fdbaf8d0"}
urllib3.connectionpool: DEBUG: http://127.0.0.1:49955 "GET /session/d1ee40d42cd075a2df52a0554c0c2f58/element/6bcbc521-f74e-4abc-bd8d-9bd7fdbaf8d0/text HTTP/1.1" 200 15
selenium.webdriver.remote.remote_connection: DEBUG: Finished Request
selenium.webdriver.remote.remote_connection: DEBUG: POST http://127.0.0.1:49955/session/d1ee40d42cd075a2df52a0554c0c2f58/elements {"using": "xpath", "value": "//div[@class='desc']"}
urllib3.connectionpool: DEBUG: http://127.0.0.1:49955 "POST /session/d1ee40d42cd075a2df52a0554c0c2f58/elements HTTP/1.1" 200 169
selenium.webdriver.remote.remote_connection: DEBUG: Finished Request
selenium.webdriver.remote.remote_connection: DEBUG: GET http://127.0.0.1:49955/session/d1ee40d42cd075a2df52a0554c0c2f58/element/a2e50770-27e2-4639-9ac0-61458fe25fcb/text {"id": "a2e50770-27e2-4639-9ac0-61458fe25fcb"}
urllib3.connectionpool: DEBUG: http://127.0.0.1:49955 "GET /session/d1ee40d42cd075a2df52a0554c0c2f58/element/a2e50770-27e2-4639-9ac0-61458fe25fcb/text HTTP/1.1" 200 61
selenium.webdriver.remote.remote_connection: DEBUG: Finished Request
--------------------- >> end captured logging << ---------------------]]></failure><system-out><![CDATA[================test_case1============
https://api.caiyunapp.com/v2.5/96Ly7wgKGq6FhllM/116.5119,39.5445/weather.json
================test_case2============
================test_case3============
================test_case4============
================test_case5============
]]></system-out></testcase></testsuite>